2024-02-23T19:15:32.614187+00:00 INFO 'ansible_navigator.setup_logger' New ansible-navigator instance, logging initialized
2024-02-23T19:15:32.614491+00:00 INFO 'ansible_navigator.setup_logger' New ansible-runner instance, logging initialized
2024-02-23T19:15:32.614569+00:00 DEBUG 'ansible_navigator.main' Jinja2==3.1.2 
2024-02-23T19:15:32.614600+00:00 DEBUG 'ansible_navigator.main' MarkupSafe==2.1.0 
2024-02-23T19:15:32.614625+00:00 DEBUG 'ansible_navigator.main' PyYAML==5.4.1 
2024-02-23T19:15:32.614647+00:00 DEBUG 'ansible_navigator.main' Pygments==2.17.2 
2024-02-23T19:15:32.614670+00:00 DEBUG 'ansible_navigator.main' ansible-builder==3.0.0 
2024-02-23T19:15:32.614691+00:00 DEBUG 'ansible_navigator.main' ansible-compat==4.1.11 
2024-02-23T19:15:32.614712+00:00 DEBUG 'ansible_navigator.main' ansible-core==2.14.9 
2024-02-23T19:15:32.614733+00:00 DEBUG 'ansible_navigator.main' ansible-lint==6.22.2 
2024-02-23T19:15:32.614755+00:00 DEBUG 'ansible_navigator.main' ansible-navigator==24.2.0 
2024-02-23T19:15:32.614776+00:00 DEBUG 'ansible_navigator.main' ansible-runner==2.3.5 
2024-02-23T19:15:32.614797+00:00 DEBUG 'ansible_navigator.main' attrs==21.4.0 /usr/lib/python3.9/site-packages/attrs/__init__.py
2024-02-23T19:15:32.614818+00:00 DEBUG 'ansible_navigator.main' bindep==2.10.2 /usr/lib/python3.9/site-packages/bindep/__init__.py
2024-02-23T19:15:32.614839+00:00 DEBUG 'ansible_navigator.main' black==24.2.0 /usr/local/lib64/python3.9/site-packages/black/__init__.cpython-39-x86_64-linux-gnu.so
2024-02-23T19:15:32.614860+00:00 DEBUG 'ansible_navigator.main' bracex==2.4 /usr/local/lib/python3.9/site-packages/bracex/__init__.py
2024-02-23T19:15:32.614881+00:00 DEBUG 'ansible_navigator.main' certifi==2022.12.7 /usr/lib/python3.9/site-packages/certifi/__init__.py
2024-02-23T19:15:32.614902+00:00 DEBUG 'ansible_navigator.main' cffi==1.15.0 /usr/lib64/python3.9/site-packages/cffi/__init__.py
2024-02-23T19:15:32.614923+00:00 DEBUG 'ansible_navigator.main' charset-normalizer==2.0.11 
2024-02-23T19:15:32.614944+00:00 DEBUG 'ansible_navigator.main' click==8.1.3 /usr/lib/python3.9/site-packages/click/__init__.py
2024-02-23T19:15:32.614964+00:00 DEBUG 'ansible_navigator.main' cryptography==38.0.4 /usr/lib64/python3.9/site-packages/cryptography/__init__.py
2024-02-23T19:15:32.614985+00:00 DEBUG 'ansible_navigator.main' dbus-python==1.2.18 
2024-02-23T19:15:32.615006+00:00 DEBUG 'ansible_navigator.main' decorator==4.4.2 /usr/lib/python3.9/site-packages/decorator.py
2024-02-23T19:15:32.615026+00:00 DEBUG 'ansible_navigator.main' distro==1.6.0 /usr/lib/python3.9/site-packages/distro.py
2024-02-23T19:15:32.615047+00:00 DEBUG 'ansible_navigator.main' docutils==0.20.1 /usr/local/lib/python3.9/site-packages/docutils/__init__.py
2024-02-23T19:15:32.615068+00:00 DEBUG 'ansible_navigator.main' ethtool==0.15 /usr/lib64/python3.9/site-packages/ethtool.cpython-39-x86_64-linux-gnu.so
2024-02-23T19:15:32.615089+00:00 DEBUG 'ansible_navigator.main' file-magic==0.4.0 
2024-02-23T19:15:32.615109+00:00 DEBUG 'ansible_navigator.main' filelock==3.13.1 /usr/local/lib/python3.9/site-packages/filelock/__init__.py
2024-02-23T19:15:32.615130+00:00 DEBUG 'ansible_navigator.main' idna==3.3 /usr/lib/python3.9/site-packages/idna/__init__.py
2024-02-23T19:15:32.615151+00:00 DEBUG 'ansible_navigator.main' importlib-metadata==6.2.1 
2024-02-23T19:15:32.615172+00:00 DEBUG 'ansible_navigator.main' importlib-resources==5.0.7 
2024-02-23T19:15:32.615192+00:00 DEBUG 'ansible_navigator.main' iniparse==0.4 /usr/lib/python3.9/site-packages/iniparse/__init__.py
2024-02-23T19:15:32.615213+00:00 DEBUG 'ansible_navigator.main' jsonschema==4.16.0 /usr/lib/python3.9/site-packages/jsonschema/__init__.py
2024-02-23T19:15:32.615233+00:00 DEBUG 'ansible_navigator.main' lockfile==0.12.2 /usr/local/lib/python3.9/site-packages/lockfile/__init__.py
2024-02-23T19:15:32.615254+00:00 DEBUG 'ansible_navigator.main' markdown-it-py==3.0.0 
2024-02-23T19:15:32.615274+00:00 DEBUG 'ansible_navigator.main' mdurl==0.1.2 /usr/local/lib/python3.9/site-packages/mdurl/__init__.py
2024-02-23T19:15:32.615295+00:00 DEBUG 'ansible_navigator.main' mypy-extensions==1.0.0 
2024-02-23T19:15:32.615323+00:00 DEBUG 'ansible_navigator.main' onigurumacffi==1.3.0 /usr/local/lib64/python3.9/site-packages/onigurumacffi.py
2024-02-23T19:15:32.615344+00:00 DEBUG 'ansible_navigator.main' packaging==23.2 /usr/local/lib/python3.9/site-packages/packaging/__init__.py
2024-02-23T19:15:32.615364+00:00 DEBUG 'ansible_navigator.main' pathspec==0.12.1 /usr/local/lib/python3.9/site-packages/pathspec/__init__.py
2024-02-23T19:15:32.615385+00:00 DEBUG 'ansible_navigator.main' pbr==5.8.1 /usr/lib/python3.9/site-packages/pbr/__init__.py
2024-02-23T19:15:32.615405+00:00 DEBUG 'ansible_navigator.main' pip==21.2.3 /usr/lib/python3.9/site-packages/pip/__init__.py
2024-02-23T19:15:32.615425+00:00 DEBUG 'ansible_navigator.main' platformdirs==4.2.0 /usr/local/lib/python3.9/site-packages/platformdirs/__init__.py
2024-02-23T19:15:32.615446+00:00 DEBUG 'ansible_navigator.main' psycopg2==2.9.3 /usr/lib64/python3.9/site-packages/psycopg2/__init__.py
2024-02-23T19:15:32.615479+00:00 DEBUG 'ansible_navigator.main' pycparser==2.21 /usr/lib/python3.9/site-packages/pycparser/__init__.py
2024-02-23T19:15:32.615500+00:00 DEBUG 'ansible_navigator.main' pyinotify==0.9.6 /usr/lib/python3.9/site-packages/pyinotify.py
2024-02-23T19:15:32.615520+00:00 DEBUG 'ansible_navigator.main' pyrsistent==0.17.3 /usr/lib64/python3.9/site-packages/pyrsistent/__init__.py
2024-02-23T19:15:32.615541+00:00 DEBUG 'ansible_navigator.main' python-daemon==3.0.1 
2024-02-23T19:15:32.615561+00:00 DEBUG 'ansible_navigator.main' python-dateutil==2.8.1 
2024-02-23T19:15:32.615582+00:00 DEBUG 'ansible_navigator.main' receptorctl==1.4.1 /usr/lib/python3.9/site-packages/receptorctl/__init__.py
2024-02-23T19:15:32.615602+00:00 DEBUG 'ansible_navigator.main' requests==2.31.0 /usr/lib/python3.9/site-packages/requests/__init__.py
2024-02-23T19:15:32.615622+00:00 DEBUG 'ansible_navigator.main' requirements-parser==0.2.0 
2024-02-23T19:15:32.615643+00:00 DEBUG 'ansible_navigator.main' resolvelib==0.5.4 /usr/lib/python3.9/site-packages/resolvelib/__init__.py
2024-02-23T19:15:32.615664+00:00 DEBUG 'ansible_navigator.main' rich==13.7.0 /usr/local/lib/python3.9/site-packages/rich/__init__.py
2024-02-23T19:15:32.615684+00:00 DEBUG 'ansible_navigator.main' ruamel.yaml.clib==0.2.8 
2024-02-23T19:15:32.615705+00:00 DEBUG 'ansible_navigator.main' ruamel.yaml==0.18.6 /usr/local/lib/python3.9/site-packages/ruamel/yaml/__init__.py
2024-02-23T19:15:32.615725+00:00 DEBUG 'ansible_navigator.main' selinux==3.5 /usr/lib64/python3.9/site-packages/selinux/__init__.py
2024-02-23T19:15:32.615746+00:00 DEBUG 'ansible_navigator.main' sepolicy==3.5 /usr/lib/python3.9/site-packages/sepolicy/__init__.py
2024-02-23T19:15:32.615767+00:00 DEBUG 'ansible_navigator.main' setools==4.4.3 /usr/lib64/python3.9/site-packages/setools/__init__.py
2024-02-23T19:15:32.615788+00:00 DEBUG 'ansible_navigator.main' setuptools==69.1.0 /usr/local/lib/python3.9/site-packages/setuptools/__init__.py
2024-02-23T19:15:32.615809+00:00 DEBUG 'ansible_navigator.main' six==1.16.0 /usr/lib/python3.9/site-packages/six.py
2024-02-23T19:15:32.615829+00:00 DEBUG 'ansible_navigator.main' sos==4.6.1 /usr/lib/python3.9/site-packages/sos/__init__.py
2024-02-23T19:15:32.615850+00:00 DEBUG 'ansible_navigator.main' subprocess-tee==0.4.1 
2024-02-23T19:15:32.615870+00:00 DEBUG 'ansible_navigator.main' subscription-manager==1.29.38 
2024-02-23T19:15:32.615891+00:00 DEBUG 'ansible_navigator.main' supervisor==4.2.4 /usr/lib/python3.9/site-packages/supervisor/__init__.py
2024-02-23T19:15:32.615911+00:00 DEBUG 'ansible_navigator.main' tomli==2.0.1 /usr/local/lib/python3.9/site-packages/tomli/__init__.py
2024-02-23T19:15:32.615932+00:00 DEBUG 'ansible_navigator.main' typing_extensions==4.9.0 /usr/local/lib/python3.9/site-packages/typing_extensions.py
2024-02-23T19:15:32.615952+00:00 DEBUG 'ansible_navigator.main' tzdata==2024.1 /usr/local/lib/python3.9/site-packages/tzdata/__init__.py
2024-02-23T19:15:32.615973+00:00 DEBUG 'ansible_navigator.main' urllib3==1.26.8 /usr/lib/python3.9/site-packages/urllib3/__init__.py
2024-02-23T19:15:32.615997+00:00 DEBUG 'ansible_navigator.main' wcmatch==8.5 /usr/local/lib/python3.9/site-packages/wcmatch/__init__.py
2024-02-23T19:15:32.616018+00:00 DEBUG 'ansible_navigator.main' yamllint==1.35.1 /usr/local/lib/python3.9/site-packages/yamllint/__init__.py
2024-02-23T19:15:32.616039+00:00 DEBUG 'ansible_navigator.main' zipp==3.17.0 /usr/local/lib/python3.9/site-packages/zipp/__init__.py
2024-02-23T19:15:32.616059+00:00 DEBUG 'ansible_navigator.main' Default collection_doc_cache_path set to: /root/.cache/ansible-navigator/collection_doc_cache.db
2024-02-23T19:15:32.616080+00:00 DEBUG 'ansible_navigator.main' EDITOR environment variable not set
2024-02-23T19:15:32.616101+00:00 DEBUG 'ansible_navigator.main' Default editor_command set to: vi +{line_number} {filename}
2024-02-23T19:15:32.616122+00:00 DEBUG 'ansible_navigator.main' No config file set by ANSIBLE_NAVIGATOR_CONFIG
2024-02-23T19:15:32.616142+00:00 DEBUG 'ansible_navigator.main' Looking in /root
2024-02-23T19:15:32.616163+00:00 DEBUG 'ansible_navigator.main' Looking for '/root/.ansible-navigator.yml', '/root/.ansible-navigator.yaml' and '/root/.ansible-navigator.json'
2024-02-23T19:15:32.616183+00:00 DEBUG 'ansible_navigator.main' Found 0: 
2024-02-23T19:15:32.616204+00:00 DEBUG 'ansible_navigator.main' Looking in /git/pindell-project
2024-02-23T19:15:32.616225+00:00 DEBUG 'ansible_navigator.main' Looking for '/git/pindell-project/ansible-navigator.yml', '/git/pindell-project/ansible-navigator.yaml' and '/git/pindell-project/ansible-navigator.json'
2024-02-23T19:15:32.616245+00:00 DEBUG 'ansible_navigator.main' Found 0: 
2024-02-23T19:15:32.616266+00:00 DEBUG 'ansible_navigator.main' All found 0: 
2024-02-23T19:15:32.616286+00:00 DEBUG 'ansible_navigator.main' Using: None
2024-02-23T19:15:32.616307+00:00 DEBUG 'ansible_navigator.main' No valid settings file found, using all default values for settings.
2024-02-23T19:15:32.616328+00:00 DEBUG 'ansible_navigator.main' Command provided: 'run --pass-environment-variable ANSIBLE_VAULT_PASSWORD_FILE certificate_replace.yml --mode stdout'
2024-02-23T19:15:32.616348+00:00 DEBUG 'ansible_navigator.main' EE support enabled: using current working directory for 'ansible.cfg'
2024-02-23T19:15:32.616369+00:00 INFO 'ansible_navigator.main' EE support enabled: no 'ansible.cfg' found in current working directory. Tried /git/pindell-project/ansible.cfg
2024-02-23T19:15:32.616389+00:00 DEBUG 'ansible_navigator.main' Completed post processing for ansible_runner_artifact_dir. (changed=False)
2024-02-23T19:15:32.616410+00:00 DEBUG 'ansible_navigator.main' Completed post processing for ansible_runner_rotate_artifacts_count. (changed=False)
2024-02-23T19:15:32.616430+00:00 DEBUG 'ansible_navigator.main' Completed post processing for ansible_runner_timeout. (changed=False)
2024-02-23T19:15:32.616451+00:00 DEBUG 'ansible_navigator.main' Completed post processing for cmdline. (changed=False)
2024-02-23T19:15:32.616480+00:00 DEBUG 'ansible_navigator.main' Completed post processing for collection_doc_cache_path. (changed=False)
2024-02-23T19:15:32.616501+00:00 DEBUG 'ansible_navigator.main' Completed post processing for container_engine. (changed=True)
2024-02-23T19:15:32.616522+00:00 DEBUG 'ansible_navigator.main'  before: 'auto'
2024-02-23T19:15:32.616542+00:00 DEBUG 'ansible_navigator.main'  after: 'podman'
2024-02-23T19:15:32.616563+00:00 DEBUG 'ansible_navigator.main' Completed post processing for container_options. (changed=False)
2024-02-23T19:15:32.616584+00:00 DEBUG 'ansible_navigator.main' Completed post processing for display_color. (changed=False)
2024-02-23T19:15:32.616604+00:00 DEBUG 'ansible_navigator.main' Completed post processing for enable_prompts. (changed=False)
2024-02-23T19:15:32.616625+00:00 DEBUG 'ansible_navigator.main' Completed post processing for execution_environment. (changed=False)
2024-02-23T19:15:32.616645+00:00 DEBUG 'ansible_navigator.main' Completed post processing for execution_environment_image. (changed=False)
2024-02-23T19:15:32.616665+00:00 DEBUG 'ansible_navigator.main' Completed post processing for help_builder. (changed=False)
2024-02-23T19:15:32.616689+00:00 DEBUG 'ansible_navigator.main' Completed post processing for help_config. (changed=False)
2024-02-23T19:15:32.616709+00:00 DEBUG 'ansible_navigator.main' Completed post processing for help_doc. (changed=False)
2024-02-23T19:15:32.616730+00:00 DEBUG 'ansible_navigator.main' Completed post processing for help_inventory. (changed=False)
2024-02-23T19:15:32.616750+00:00 DEBUG 'ansible_navigator.main' Completed post processing for help_playbook. (changed=False)
2024-02-23T19:15:32.616771+00:00 DEBUG 'ansible_navigator.main' Completed post processing for images_details. (changed=False)
2024-02-23T19:15:32.616791+00:00 DEBUG 'ansible_navigator.main' Completed post processing for inventory. (changed=False)
2024-02-23T19:15:32.616812+00:00 DEBUG 'ansible_navigator.main' Completed post processing for inventory_column. (changed=False)
2024-02-23T19:15:32.616832+00:00 DEBUG 'ansible_navigator.main' Completed post processing for log_file. (changed=False)
2024-02-23T19:15:32.616853+00:00 DEBUG 'ansible_navigator.main' Completed post processing for pass_environment_variable. (changed=True)
2024-02-23T19:15:32.616874+00:00 DEBUG 'ansible_navigator.main'  before: '[['ANSIBLE_VAULT_PASSWORD_FILE', 'certificate_replace.yml']]'
2024-02-23T19:15:32.616894+00:00 DEBUG 'ansible_navigator.main'  after: '['ANSIBLE_VAULT_PASSWORD_FILE', 'certificate_replace.yml']'
2024-02-23T19:15:32.616915+00:00 DEBUG 'ansible_navigator.main' Completed post processing for playbook. (changed=False)
2024-02-23T19:15:32.616935+00:00 DEBUG 'ansible_navigator.main' Completed post processing for playbook_artifact_replay. (changed=False)
2024-02-23T19:15:32.616956+00:00 DEBUG 'ansible_navigator.main' Completed post processing for playbook_artifact_save_as. (changed=False)
2024-02-23T19:15:32.616976+00:00 DEBUG 'ansible_navigator.main' Completed post processing for plugin_name. (changed=False)
2024-02-23T19:15:32.616996+00:00 DEBUG 'ansible_navigator.main' Completed post processing for pull_arguments. (changed=False)
2024-02-23T19:15:32.617016+00:00 DEBUG 'ansible_navigator.main' Completed post processing for set_environment_variable. (changed=False)
2024-02-23T19:15:32.617037+00:00 DEBUG 'ansible_navigator.main' Completed post processing for settings_effective. (changed=False)
2024-02-23T19:15:32.617057+00:00 DEBUG 'ansible_navigator.main' Completed post processing for settings_sample. (changed=False)
2024-02-23T19:15:32.617078+00:00 DEBUG 'ansible_navigator.main' Completed post processing for settings_schema. (changed=False)
2024-02-23T19:15:32.617098+00:00 DEBUG 'ansible_navigator.main' Completed post processing for settings_sources. (changed=False)
2024-02-23T19:15:32.617119+00:00 DEBUG 'ansible_navigator.main' Completed post processing for time_zone. (changed=False)
2024-02-23T19:15:32.617139+00:00 DEBUG 'ansible_navigator.main' Completed post processing for execution_environment_volume_mounts. (changed=False)
2024-02-23T19:15:32.617159+00:00 DEBUG 'ansible_navigator.main' Completed post processing for mode. (changed=False)
2024-02-23T19:15:32.617180+00:00 DEBUG 'ansible_navigator.main' Completed post processing for playbook_artifact_enable. (changed=False)
2024-02-23T19:15:32.617203+00:00 WARNING 'ansible_navigator.main' Configuration errors encountered, rolling back to previous configuration.
2024-02-23T19:15:32.617224+00:00 DEBUG 'ansible_navigator.main' Prior to rollback: ansible_runner_artifact_dir = 'Not set' (Constants/Not set)
2024-02-23T19:15:32.617244+00:00 DEBUG 'ansible_navigator.main' Prior to rollback: ansible_runner_rotate_artifacts_count = 'Not set' (Constants/Not set)
2024-02-23T19:15:32.617264+00:00 DEBUG 'ansible_navigator.main' Prior to rollback: ansible_runner_timeout = 'Not set' (Constants/Not set)
2024-02-23T19:15:32.617285+00:00 DEBUG 'ansible_navigator.main' Prior to rollback: ansible_runner_write_job_events = 'False' (bool/Defaults)
2024-02-23T19:15:32.617305+00:00 DEBUG 'ansible_navigator.main' Prior to rollback: app = 'run' (str/Command line)
2024-02-23T19:15:32.617336+00:00 DEBUG 'ansible_navigator.main' Prior to rollback: cmdline = 'Not set' (Constants/Not set)
2024-02-23T19:15:32.617357+00:00 DEBUG 'ansible_navigator.main' Prior to rollback: collection_doc_cache_path = '/root/.cache/ansible-navigator/collection_doc_cache.db' (str/Defaults)
2024-02-23T19:15:32.617378+00:00 DEBUG 'ansible_navigator.main' Prior to rollback: config = 'Not set' (Constants/Not set)
2024-02-23T19:15:32.617398+00:00 DEBUG 'ansible_navigator.main' Prior to rollback: container_engine = 'podman' (str/Automatically determined)
2024-02-23T19:15:32.617418+00:00 DEBUG 'ansible_navigator.main' Prior to rollback: container_options = 'Not set' (Constants/Not set)
2024-02-23T19:15:32.617439+00:00 DEBUG 'ansible_navigator.main' Prior to rollback: display_color = 'True' (bool/Defaults)
2024-02-23T19:15:32.617469+00:00 DEBUG 'ansible_navigator.main' Prior to rollback: editor_command = 'vi +{line_number} {filename}' (str/Defaults)
2024-02-23T19:15:32.617492+00:00 DEBUG 'ansible_navigator.main' Prior to rollback: editor_console = 'True' (bool/Defaults)
2024-02-23T19:15:32.617513+00:00 DEBUG 'ansible_navigator.main' Prior to rollback: enable_prompts = 'False' (bool/Defaults)
2024-02-23T19:15:32.617534+00:00 DEBUG 'ansible_navigator.main' Prior to rollback: exec_command = '/bin/bash' (str/Defaults)
2024-02-23T19:15:32.617554+00:00 DEBUG 'ansible_navigator.main' Prior to rollback: exec_shell = 'True' (bool/Defaults)
2024-02-23T19:15:32.617575+00:00 DEBUG 'ansible_navigator.main' Prior to rollback: execution_environment = 'True' (bool/Defaults)
2024-02-23T19:15:32.617595+00:00 DEBUG 'ansible_navigator.main' Prior to rollback: execution_environment_image = 'ghcr.io/ansible/creator-ee:v0.22.0' (str/Defaults)
2024-02-23T19:15:32.617616+00:00 DEBUG 'ansible_navigator.main' Prior to rollback: execution_environment_volume_mounts = 'Not set' (Constants/Not set)
2024-02-23T19:15:32.617636+00:00 DEBUG 'ansible_navigator.main' Prior to rollback: format = 'yaml' (str/Defaults)
2024-02-23T19:15:32.617656+00:00 DEBUG 'ansible_navigator.main' Prior to rollback: help_builder = 'False' (bool/Defaults)
2024-02-23T19:15:32.617677+00:00 DEBUG 'ansible_navigator.main' Prior to rollback: help_config = 'False' (bool/Defaults)
2024-02-23T19:15:32.617697+00:00 DEBUG 'ansible_navigator.main' Prior to rollback: help_doc = 'False' (bool/Defaults)
2024-02-23T19:15:32.617718+00:00 DEBUG 'ansible_navigator.main' Prior to rollback: help_inventory = 'False' (bool/Defaults)
2024-02-23T19:15:32.617738+00:00 DEBUG 'ansible_navigator.main' Prior to rollback: help_playbook = 'False' (bool/Defaults)
2024-02-23T19:15:32.617759+00:00 DEBUG 'ansible_navigator.main' Prior to rollback: images_details = '['everything']' (list/Defaults)
2024-02-23T19:15:32.617779+00:00 DEBUG 'ansible_navigator.main' Prior to rollback: inventory = 'Not set' (Constants/Not set)
2024-02-23T19:15:32.617800+00:00 DEBUG 'ansible_navigator.main' Prior to rollback: inventory_column = 'Not set' (Constants/Not set)
2024-02-23T19:15:32.617821+00:00 DEBUG 'ansible_navigator.main' Prior to rollback: lint_config = 'Not set' (Constants/Not set)
2024-02-23T19:15:32.617841+00:00 DEBUG 'ansible_navigator.main' Prior to rollback: lintables = 'Not set' (Constants/Not set)
2024-02-23T19:15:32.617861+00:00 DEBUG 'ansible_navigator.main' Prior to rollback: log_append = 'True' (bool/Defaults)
2024-02-23T19:15:32.617882+00:00 DEBUG 'ansible_navigator.main' Prior to rollback: log_file = '/git/pindell-project/ansible-navigator.log' (str/Defaults)
2024-02-23T19:15:32.617902+00:00 DEBUG 'ansible_navigator.main' Prior to rollback: log_level = 'warning' (str/Defaults)
2024-02-23T19:15:32.617923+00:00 DEBUG 'ansible_navigator.main' Prior to rollback: mode = 'stdout' (str/Command line)
2024-02-23T19:15:32.617943+00:00 DEBUG 'ansible_navigator.main' Prior to rollback: osc4 = 'True' (bool/Defaults)
2024-02-23T19:15:32.617964+00:00 DEBUG 'ansible_navigator.main' Prior to rollback: pass_environment_variable = '['ANSIBLE_VAULT_PASSWORD_FILE', 'certificate_replace.yml']' (list/Command line)
2024-02-23T19:15:32.617987+00:00 DEBUG 'ansible_navigator.main' Prior to rollback: playbook = 'Not set' (Constants/Not set)
2024-02-23T19:15:32.618008+00:00 DEBUG 'ansible_navigator.main' Prior to rollback: playbook_artifact_enable = 'True' (bool/Defaults)
2024-02-23T19:15:32.618029+00:00 DEBUG 'ansible_navigator.main' Prior to rollback: playbook_artifact_replay = 'Not set' (Constants/Not set)
2024-02-23T19:15:32.618050+00:00 DEBUG 'ansible_navigator.main' Prior to rollback: playbook_artifact_save_as = '{playbook_dir}/{playbook_name}-artifact-{time_stamp}.json' (str/Defaults)
2024-02-23T19:15:32.618070+00:00 DEBUG 'ansible_navigator.main' Prior to rollback: plugin_name = 'Not set' (Constants/Not set)
2024-02-23T19:15:32.618091+00:00 DEBUG 'ansible_navigator.main' Prior to rollback: plugin_type = 'module' (str/Defaults)
2024-02-23T19:15:32.618112+00:00 DEBUG 'ansible_navigator.main' Prior to rollback: pull_arguments = 'Not set' (Constants/Not set)
2024-02-23T19:15:32.618133+00:00 DEBUG 'ansible_navigator.main' Prior to rollback: pull_policy = 'tag' (str/Defaults)
2024-02-23T19:15:32.618153+00:00 DEBUG 'ansible_navigator.main' Prior to rollback: set_environment_variable = 'Not set' (Constants/Not set)
2024-02-23T19:15:32.618174+00:00 DEBUG 'ansible_navigator.main' Prior to rollback: settings_effective = 'False' (bool/Defaults)
2024-02-23T19:15:32.618194+00:00 DEBUG 'ansible_navigator.main' Prior to rollback: settings_sample = 'False' (bool/Defaults)
2024-02-23T19:15:32.618215+00:00 DEBUG 'ansible_navigator.main' Prior to rollback: settings_schema = 'json' (str/Defaults)
2024-02-23T19:15:32.618236+00:00 DEBUG 'ansible_navigator.main' Prior to rollback: settings_sources = 'False' (bool/Defaults)
2024-02-23T19:15:32.618256+00:00 DEBUG 'ansible_navigator.main' Prior to rollback: time_zone = 'UTC' (str/Defaults)
2024-02-23T19:15:32.618277+00:00 DEBUG 'ansible_navigator.main' Prior to rollback: workdir = '/git/pindell-project' (str/Defaults)
2024-02-23T19:15:32.618297+00:00 DEBUG 'ansible_navigator.main' After rollback: ansible_runner_artifact_dir = 'Not set' (Constants/Not set)
2024-02-23T19:15:32.618318+00:00 DEBUG 'ansible_navigator.main' After rollback: ansible_runner_rotate_artifacts_count = 'Not set' (Constants/Not set)
2024-02-23T19:15:32.618338+00:00 DEBUG 'ansible_navigator.main' After rollback: ansible_runner_timeout = 'Not set' (Constants/Not set)
2024-02-23T19:15:32.618359+00:00 DEBUG 'ansible_navigator.main' After rollback: ansible_runner_write_job_events = 'Not set' (Constants/Not set)
2024-02-23T19:15:32.618380+00:00 DEBUG 'ansible_navigator.main' After rollback: app = 'Not set' (Constants/Not set)
2024-02-23T19:15:32.618400+00:00 DEBUG 'ansible_navigator.main' After rollback: cmdline = 'Not set' (Constants/Not set)
2024-02-23T19:15:32.618421+00:00 DEBUG 'ansible_navigator.main' After rollback: collection_doc_cache_path = 'Not set' (Constants/Not set)
2024-02-23T19:15:32.618442+00:00 DEBUG 'ansible_navigator.main' After rollback: config = 'Not set' (Constants/Not set)
2024-02-23T19:15:32.618468+00:00 DEBUG 'ansible_navigator.main' After rollback: container_engine = 'Not set' (Constants/Not set)
2024-02-23T19:15:32.618491+00:00 DEBUG 'ansible_navigator.main' After rollback: container_options = 'Not set' (Constants/Not set)
2024-02-23T19:15:32.618512+00:00 DEBUG 'ansible_navigator.main' After rollback: display_color = 'Not set' (Constants/Not set)
2024-02-23T19:15:32.618533+00:00 DEBUG 'ansible_navigator.main' After rollback: editor_command = 'Not set' (Constants/Not set)
2024-02-23T19:15:32.618553+00:00 DEBUG 'ansible_navigator.main' After rollback: editor_console = 'Not set' (Constants/Not set)
2024-02-23T19:15:32.618574+00:00 DEBUG 'ansible_navigator.main' After rollback: enable_prompts = 'Not set' (Constants/Not set)
2024-02-23T19:15:32.618595+00:00 DEBUG 'ansible_navigator.main' After rollback: exec_command = 'Not set' (Constants/Not set)
2024-02-23T19:15:32.618615+00:00 DEBUG 'ansible_navigator.main' After rollback: exec_shell = 'Not set' (Constants/Not set)
2024-02-23T19:15:32.618635+00:00 DEBUG 'ansible_navigator.main' After rollback: execution_environment = 'Not set' (Constants/Not set)
2024-02-23T19:15:32.618659+00:00 DEBUG 'ansible_navigator.main' After rollback: execution_environment_image = 'Not set' (Constants/Not set)
2024-02-23T19:15:32.618680+00:00 DEBUG 'ansible_navigator.main' After rollback: execution_environment_volume_mounts = 'Not set' (Constants/Not set)
2024-02-23T19:15:32.618701+00:00 DEBUG 'ansible_navigator.main' After rollback: format = 'Not set' (Constants/Not set)
2024-02-23T19:15:32.618721+00:00 DEBUG 'ansible_navigator.main' After rollback: help_builder = 'Not set' (Constants/Not set)
2024-02-23T19:15:32.618741+00:00 DEBUG 'ansible_navigator.main' After rollback: help_config = 'Not set' (Constants/Not set)
2024-02-23T19:15:32.618762+00:00 DEBUG 'ansible_navigator.main' After rollback: help_doc = 'Not set' (Constants/Not set)
2024-02-23T19:15:32.618782+00:00 DEBUG 'ansible_navigator.main' After rollback: help_inventory = 'Not set' (Constants/Not set)
2024-02-23T19:15:32.618802+00:00 DEBUG 'ansible_navigator.main' After rollback: help_playbook = 'Not set' (Constants/Not set)
2024-02-23T19:15:32.618834+00:00 DEBUG 'ansible_navigator.main' After rollback: images_details = 'Not set' (Constants/Not set)
2024-02-23T19:15:32.618871+00:00 DEBUG 'ansible_navigator.main' After rollback: inventory = 'Not set' (Constants/Not set)
2024-02-23T19:15:32.618893+00:00 DEBUG 'ansible_navigator.main' After rollback: inventory_column = 'Not set' (Constants/Not set)
2024-02-23T19:15:32.618914+00:00 DEBUG 'ansible_navigator.main' After rollback: lint_config = 'Not set' (Constants/Not set)
2024-02-23T19:15:32.618935+00:00 DEBUG 'ansible_navigator.main' After rollback: lintables = 'Not set' (Constants/Not set)
2024-02-23T19:15:32.618956+00:00 DEBUG 'ansible_navigator.main' After rollback: log_append = 'Not set' (Constants/Not set)
2024-02-23T19:15:32.618977+00:00 DEBUG 'ansible_navigator.main' After rollback: log_file = 'Not set' (Constants/Not set)
2024-02-23T19:15:32.618997+00:00 DEBUG 'ansible_navigator.main' After rollback: log_level = 'Not set' (Constants/Not set)
2024-02-23T19:15:32.619018+00:00 DEBUG 'ansible_navigator.main' After rollback: mode = 'Not set' (Constants/Not set)
2024-02-23T19:15:32.619039+00:00 DEBUG 'ansible_navigator.main' After rollback: osc4 = 'Not set' (Constants/Not set)
2024-02-23T19:15:32.619059+00:00 DEBUG 'ansible_navigator.main' After rollback: pass_environment_variable = 'Not set' (Constants/Not set)
2024-02-23T19:15:32.619080+00:00 DEBUG 'ansible_navigator.main' After rollback: playbook = 'Not set' (Constants/Not set)
2024-02-23T19:15:32.619100+00:00 DEBUG 'ansible_navigator.main' After rollback: playbook_artifact_enable = 'Not set' (Constants/Not set)
2024-02-23T19:15:32.619121+00:00 DEBUG 'ansible_navigator.main' After rollback: playbook_artifact_replay = 'Not set' (Constants/Not set)
2024-02-23T19:15:32.619141+00:00 DEBUG 'ansible_navigator.main' After rollback: playbook_artifact_save_as = 'Not set' (Constants/Not set)
2024-02-23T19:15:32.619162+00:00 DEBUG 'ansible_navigator.main' After rollback: plugin_name = 'Not set' (Constants/Not set)
2024-02-23T19:15:32.619183+00:00 DEBUG 'ansible_navigator.main' After rollback: plugin_type = 'Not set' (Constants/Not set)
2024-02-23T19:15:32.619203+00:00 DEBUG 'ansible_navigator.main' After rollback: pull_arguments = 'Not set' (Constants/Not set)
2024-02-23T19:15:32.619224+00:00 DEBUG 'ansible_navigator.main' After rollback: pull_policy = 'Not set' (Constants/Not set)
2024-02-23T19:15:32.619244+00:00 DEBUG 'ansible_navigator.main' After rollback: set_environment_variable = 'Not set' (Constants/Not set)
2024-02-23T19:15:32.619265+00:00 DEBUG 'ansible_navigator.main' After rollback: settings_effective = 'Not set' (Constants/Not set)
2024-02-23T19:15:32.619285+00:00 DEBUG 'ansible_navigator.main' After rollback: settings_sample = 'Not set' (Constants/Not set)
2024-02-23T19:15:32.619306+00:00 DEBUG 'ansible_navigator.main' After rollback: settings_schema = 'Not set' (Constants/Not set)
2024-02-23T19:15:32.619326+00:00 DEBUG 'ansible_navigator.main' After rollback: settings_sources = 'Not set' (Constants/Not set)
2024-02-23T19:15:32.619351+00:00 DEBUG 'ansible_navigator.main' After rollback: time_zone = 'Not set' (Constants/Not set)
2024-02-23T19:15:32.619372+00:00 DEBUG 'ansible_navigator.main' After rollback: workdir = 'Not set' (Constants/Not set)
2024-02-23T19:15:32.619398+00:00 DEBUG 'ansible_navigator.main' Configuration rollback complete.
2024-02-23T19:15:32.619419+00:00 DEBUG 'ansible_navigator.main' Collection doc cache not mounted
2024-02-23T19:15:32.619448+00:00 WARNING 'ansible_navigator.main' Issues were found while applying the settings.
2024-02-23T19:15:32.619483+00:00 INFO 'ansible_navigator.main' Command provided: 'run --pass-environment-variable ANSIBLE_VAULT_PASSWORD_FILE certificate_replace.yml --mode stdout'
2024-02-23T19:15:32.619511+00:00 ERROR 'ansible_navigator.main' A playbook is required when using the run subcommand
2024-02-23T19:15:32.619534+00:00 INFO 'ansible_navigator.main' Try again with 'run <playbook name>'
2024-02-23T19:15:32.619558+00:00 INFO 'ansible_navigator.main' Configuration failed, using default log file location. (/git/pindell-project/ansible-navigator.log) Log level set to debug
2024-02-23T19:15:32.619581+00:00 INFO 'ansible_navigator.main' Review the hints and log file to see what went wrong.
2024-02-23T19:15:54.426899+00:00 CRITICAL 'ansible_navigator.actions.run_playbook._handle_message' Unhandled message from runner queue, discarded: {'event': 'verbose', 'uuid': '280ab2e8-7545-421b-ad66-5dc969943fa4', 'counter': 1, 'stdout': '\x1b[1;35m[WARNING]: Error getting vault password file (default): The vault password file\x1b[0m', 'start_line': 0, 'end_line': 1, 'runner_ident': '837125fd-49a6-430d-bff0-45ec02233612', 'created': '2024-02-23T19:15:54.422177'}
2024-02-23T19:15:54.427514+00:00 CRITICAL 'ansible_navigator.actions.run_playbook._handle_message' Unhandled message from runner queue, discarded: {'event': 'verbose', 'uuid': 'cf34fbca-7d67-4745-b6d0-2a145ab435ef', 'counter': 2, 'stdout': '\x1b[1;35m/root/.vault_password was not found\x1b[0m', 'start_line': 1, 'end_line': 2, 'runner_ident': '837125fd-49a6-430d-bff0-45ec02233612', 'created': '2024-02-23T19:15:54.422533'}
2024-02-23T19:15:54.427616+00:00 CRITICAL 'ansible_navigator.actions.run_playbook._handle_message' Unhandled message from runner queue, discarded: {'event': 'verbose', 'uuid': '62df639c-f0a7-4d30-9dbe-a8faa1a3eba0', 'counter': 3, 'stdout': '\x1b[0;31mERROR! The vault password file /root/.vault_password was not found\x1b[0m', 'start_line': 2, 'end_line': 3, 'runner_ident': '837125fd-49a6-430d-bff0-45ec02233612', 'created': '2024-02-23T19:15:54.422614'}
2024-02-23T19:16:33.526321+00:00 CRITICAL 'ansible_navigator.actions.run_playbook._handle_message' Unhandled message from runner queue, discarded: {'event': 'verbose', 'uuid': 'd68a546b-d069-445b-ab82-0e9cbc8b741c', 'counter': 1, 'stdout': '\x1b[1;35m[WARNING]: Error getting vault password file (default): The vault password file\x1b[0m', 'start_line': 0, 'end_line': 1, 'runner_ident': '178d20db-c0fe-4fe0-8753-21edff871ee0', 'created': '2024-02-23T19:16:33.518423'}
2024-02-23T19:16:33.527516+00:00 CRITICAL 'ansible_navigator.actions.run_playbook._handle_message' Unhandled message from runner queue, discarded: {'event': 'verbose', 'uuid': '51a9b895-9f20-41b7-bad8-e3d4b2ba5180', 'counter': 2, 'stdout': '\x1b[1;35m/root/.vault_password was not found\x1b[0m', 'start_line': 1, 'end_line': 2, 'runner_ident': '178d20db-c0fe-4fe0-8753-21edff871ee0', 'created': '2024-02-23T19:16:33.519062'}
2024-02-23T19:16:33.527730+00:00 CRITICAL 'ansible_navigator.actions.run_playbook._handle_message' Unhandled message from runner queue, discarded: {'event': 'verbose', 'uuid': 'e3562209-7bf5-4c6b-b8c5-bc22b45272b9', 'counter': 3, 'stdout': '\x1b[0;31mERROR! The vault password file /root/.vault_password was not found\x1b[0m', 'start_line': 2, 'end_line': 3, 'runner_ident': '178d20db-c0fe-4fe0-8753-21edff871ee0', 'created': '2024-02-23T19:16:33.519248'}
2024-02-23T19:18:01.526892+00:00 CRITICAL 'ansible_navigator.actions.run_playbook._handle_message' Unhandled message from runner queue, discarded: {'event': 'verbose', 'uuid': '6b81bb5b-34d8-4462-bd7c-8ba450b54440', 'counter': 1, 'stdout': 'usage: ansible-playbook [-h] [--version] [-v] [--private-key PRIVATE_KEY_FILE]', 'start_line': 0, 'end_line': 1, 'runner_ident': '18ec0fa8-8f58-4cb6-afda-b3518c37d9c8', 'created': '2024-02-23T19:18:01.525831'}
2024-02-23T19:18:01.538246+00:00 CRITICAL 'ansible_navigator.actions.run_playbook._handle_message' Unhandled message from runner queue, discarded: {'event': 'verbose', 'uuid': '620f2b4d-6350-48d5-97de-670453360b2f', 'counter': 2, 'stdout': '                        [-u REMOTE_USER] [-c CONNECTION] [-T TIMEOUT]', 'start_line': 1, 'end_line': 2, 'runner_ident': '18ec0fa8-8f58-4cb6-afda-b3518c37d9c8', 'created': '2024-02-23T19:18:01.528224'}
2024-02-23T19:18:01.538853+00:00 CRITICAL 'ansible_navigator.actions.run_playbook._handle_message' Unhandled message from runner queue, discarded: {'event': 'verbose', 'uuid': 'c549eae3-9ac9-40af-ad5d-5a7b2e48f9ed', 'counter': 3, 'stdout': '                        [--ssh-common-args SSH_COMMON_ARGS]', 'start_line': 2, 'end_line': 3, 'runner_ident': '18ec0fa8-8f58-4cb6-afda-b3518c37d9c8', 'created': '2024-02-23T19:18:01.528426'}
2024-02-23T19:18:01.539245+00:00 CRITICAL 'ansible_navigator.actions.run_playbook._handle_message' Unhandled message from runner queue, discarded: {'event': 'verbose', 'uuid': '5cbc6c9b-b4fd-44b3-aa32-33ea821a95a0', 'counter': 4, 'stdout': '                        [--sftp-extra-args SFTP_EXTRA_ARGS]', 'start_line': 3, 'end_line': 4, 'runner_ident': '18ec0fa8-8f58-4cb6-afda-b3518c37d9c8', 'created': '2024-02-23T19:18:01.528601'}
2024-02-23T19:18:01.539649+00:00 CRITICAL 'ansible_navigator.actions.run_playbook._handle_message' Unhandled message from runner queue, discarded: {'event': 'verbose', 'uuid': 'f8cc53f6-7fa6-444c-a15b-41518029e7ed', 'counter': 5, 'stdout': '                        [--scp-extra-args SCP_EXTRA_ARGS]', 'start_line': 4, 'end_line': 5, 'runner_ident': '18ec0fa8-8f58-4cb6-afda-b3518c37d9c8', 'created': '2024-02-23T19:18:01.528744'}
2024-02-23T19:18:01.539874+00:00 CRITICAL 'ansible_navigator.actions.run_playbook._handle_message' Unhandled message from runner queue, discarded: {'event': 'verbose', 'uuid': '297707c9-0481-45ea-a798-2154e5f2e125', 'counter': 6, 'stdout': '                        [--ssh-extra-args SSH_EXTRA_ARGS]', 'start_line': 5, 'end_line': 6, 'runner_ident': '18ec0fa8-8f58-4cb6-afda-b3518c37d9c8', 'created': '2024-02-23T19:18:01.528868'}
2024-02-23T19:18:01.540245+00:00 CRITICAL 'ansible_navigator.actions.run_playbook._handle_message' Unhandled message from runner queue, discarded: {'event': 'verbose', 'uuid': '4e9b69fb-237c-4a4b-a647-a94d82482d98', 'counter': 7, 'stdout': '                        [-k | --connection-password-file CONNECTION_PASSWORD_FILE]', 'start_line': 6, 'end_line': 7, 'runner_ident': '18ec0fa8-8f58-4cb6-afda-b3518c37d9c8', 'created': '2024-02-23T19:18:01.528990'}
2024-02-23T19:18:01.540592+00:00 CRITICAL 'ansible_navigator.actions.run_playbook._handle_message' Unhandled message from runner queue, discarded: {'event': 'verbose', 'uuid': '203d8d0e-34c9-4930-b155-887d1be4b5bf', 'counter': 8, 'stdout': '                        [--force-handlers] [--flush-cache] [-b]', 'start_line': 7, 'end_line': 8, 'runner_ident': '18ec0fa8-8f58-4cb6-afda-b3518c37d9c8', 'created': '2024-02-23T19:18:01.529111'}
2024-02-23T19:18:01.540709+00:00 CRITICAL 'ansible_navigator.actions.run_playbook._handle_message' Unhandled message from runner queue, discarded: {'event': 'verbose', 'uuid': '5bd20e3e-b1a4-4a3a-990b-4a7eb68dbef4', 'counter': 9, 'stdout': '                        [--become-method BECOME_METHOD]', 'start_line': 8, 'end_line': 9, 'runner_ident': '18ec0fa8-8f58-4cb6-afda-b3518c37d9c8', 'created': '2024-02-23T19:18:01.529228'}
2024-02-23T19:18:01.540820+00:00 CRITICAL 'ansible_navigator.actions.run_playbook._handle_message' Unhandled message from runner queue, discarded: {'event': 'verbose', 'uuid': 'dd91ee16-861f-4956-8d1b-177d2ef0addf', 'counter': 10, 'stdout': '                        [--become-user BECOME_USER]', 'start_line': 9, 'end_line': 10, 'runner_ident': '18ec0fa8-8f58-4cb6-afda-b3518c37d9c8', 'created': '2024-02-23T19:18:01.529357'}
2024-02-23T19:18:01.540902+00:00 CRITICAL 'ansible_navigator.actions.run_playbook._handle_message' Unhandled message from runner queue, discarded: {'event': 'verbose', 'uuid': '6d43b895-a5df-48c5-8004-4591cabe1bf4', 'counter': 11, 'stdout': '                        [-K | --become-password-file BECOME_PASSWORD_FILE]', 'start_line': 10, 'end_line': 11, 'runner_ident': '18ec0fa8-8f58-4cb6-afda-b3518c37d9c8', 'created': '2024-02-23T19:18:01.529502'}
2024-02-23T19:18:01.540968+00:00 CRITICAL 'ansible_navigator.actions.run_playbook._handle_message' Unhandled message from runner queue, discarded: {'event': 'verbose', 'uuid': 'ea85192c-cb14-4298-bb4f-81a9eee2baf0', 'counter': 12, 'stdout': '                        [-t TAGS] [--skip-tags SKIP_TAGS] [-C] [-D]', 'start_line': 11, 'end_line': 12, 'runner_ident': '18ec0fa8-8f58-4cb6-afda-b3518c37d9c8', 'created': '2024-02-23T19:18:01.529631'}
2024-02-23T19:18:01.541034+00:00 CRITICAL 'ansible_navigator.actions.run_playbook._handle_message' Unhandled message from runner queue, discarded: {'event': 'verbose', 'uuid': 'c76fd1df-db0a-42a4-9275-f9dce34d4e4d', 'counter': 13, 'stdout': '                        [-i INVENTORY] [--list-hosts] [-l SUBSET]', 'start_line': 12, 'end_line': 13, 'runner_ident': '18ec0fa8-8f58-4cb6-afda-b3518c37d9c8', 'created': '2024-02-23T19:18:01.529757'}
2024-02-23T19:18:01.541097+00:00 CRITICAL 'ansible_navigator.actions.run_playbook._handle_message' Unhandled message from runner queue, discarded: {'event': 'verbose', 'uuid': 'b6e473a5-2eea-4643-b535-8ca32d504f6b', 'counter': 14, 'stdout': '                        [-e EXTRA_VARS] [--vault-id VAULT_IDS]', 'start_line': 13, 'end_line': 14, 'runner_ident': '18ec0fa8-8f58-4cb6-afda-b3518c37d9c8', 'created': '2024-02-23T19:18:01.529877'}
2024-02-23T19:18:01.541159+00:00 CRITICAL 'ansible_navigator.actions.run_playbook._handle_message' Unhandled message from runner queue, discarded: {'event': 'verbose', 'uuid': '8f65d84f-2199-4581-806f-1ae73fa3f4a5', 'counter': 15, 'stdout': '                        [-J | --vault-password-file VAULT_PASSWORD_FILES]', 'start_line': 14, 'end_line': 15, 'runner_ident': '18ec0fa8-8f58-4cb6-afda-b3518c37d9c8', 'created': '2024-02-23T19:18:01.529994'}
2024-02-23T19:18:01.541224+00:00 CRITICAL 'ansible_navigator.actions.run_playbook._handle_message' Unhandled message from runner queue, discarded: {'event': 'verbose', 'uuid': '81a8ed3f-ee77-4152-8897-d00290d15e79', 'counter': 16, 'stdout': '                        [-f FORKS] [-M MODULE_PATH] [--syntax-check]', 'start_line': 15, 'end_line': 16, 'runner_ident': '18ec0fa8-8f58-4cb6-afda-b3518c37d9c8', 'created': '2024-02-23T19:18:01.530111'}
2024-02-23T19:18:01.541284+00:00 CRITICAL 'ansible_navigator.actions.run_playbook._handle_message' Unhandled message from runner queue, discarded: {'event': 'verbose', 'uuid': 'e8766f83-da3a-450a-b8b9-e3ebb9c5594a', 'counter': 17, 'stdout': '                        [--list-tasks] [--list-tags] [--step]', 'start_line': 16, 'end_line': 17, 'runner_ident': '18ec0fa8-8f58-4cb6-afda-b3518c37d9c8', 'created': '2024-02-23T19:18:01.530228'}
2024-02-23T19:18:01.541342+00:00 CRITICAL 'ansible_navigator.actions.run_playbook._handle_message' Unhandled message from runner queue, discarded: {'event': 'verbose', 'uuid': '50f766b9-e82d-4d21-927d-7f665f095939', 'counter': 18, 'stdout': '                        [--start-at-task START_AT_TASK]', 'start_line': 17, 'end_line': 18, 'runner_ident': '18ec0fa8-8f58-4cb6-afda-b3518c37d9c8', 'created': '2024-02-23T19:18:01.530344'}
2024-02-23T19:18:01.541404+00:00 CRITICAL 'ansible_navigator.actions.run_playbook._handle_message' Unhandled message from runner queue, discarded: {'event': 'verbose', 'uuid': '6be0478b-d66c-4449-8edd-fd6f543adf37', 'counter': 19, 'stdout': '                        playbook [playbook ...]', 'start_line': 18, 'end_line': 19, 'runner_ident': '18ec0fa8-8f58-4cb6-afda-b3518c37d9c8', 'created': '2024-02-23T19:18:01.530477'}
2024-02-23T19:18:01.541478+00:00 CRITICAL 'ansible_navigator.actions.run_playbook._handle_message' Unhandled message from runner queue, discarded: {'event': 'verbose', 'uuid': '55dcf3dc-d9ba-49fe-ad6f-521e6add5f6c', 'counter': 20, 'stdout': 'ansible-playbook: error: unrecognized arguments: -pae false', 'start_line': 19, 'end_line': 20, 'runner_ident': '18ec0fa8-8f58-4cb6-afda-b3518c37d9c8', 'created': '2024-02-23T19:18:01.530605'}
2024-02-23T19:18:01.541548+00:00 CRITICAL 'ansible_navigator.actions.run_playbook._handle_message' Unhandled message from runner queue, discarded: {'event': 'verbose', 'uuid': 'def849fa-dda3-4100-a170-fc7b81f2f687', 'counter': 21, 'stdout': ' ', 'start_line': 20, 'end_line': 21, 'runner_ident': '18ec0fa8-8f58-4cb6-afda-b3518c37d9c8', 'created': '2024-02-23T19:18:01.531330'}
2024-02-23T19:18:01.541607+00:00 CRITICAL 'ansible_navigator.actions.run_playbook._handle_message' Unhandled message from runner queue, discarded: {'event': 'verbose', 'uuid': '96e24839-bfd1-47fa-a8e3-3ca537b1290a', 'counter': 22, 'stdout': 'usage: ansible-playbook [-h] [--version] [-v] [--private-key PRIVATE_KEY_FILE]', 'start_line': 21, 'end_line': 22, 'runner_ident': '18ec0fa8-8f58-4cb6-afda-b3518c37d9c8', 'created': '2024-02-23T19:18:01.531664'}
2024-02-23T19:18:01.541665+00:00 CRITICAL 'ansible_navigator.actions.run_playbook._handle_message' Unhandled message from runner queue, discarded: {'event': 'verbose', 'uuid': 'c3bca748-7f55-4c99-8216-9d56e7f10597', 'counter': 23, 'stdout': '                        [-u REMOTE_USER] [-c CONNECTION] [-T TIMEOUT]', 'start_line': 22, 'end_line': 23, 'runner_ident': '18ec0fa8-8f58-4cb6-afda-b3518c37d9c8', 'created': '2024-02-23T19:18:01.531828'}
2024-02-23T19:18:01.541721+00:00 CRITICAL 'ansible_navigator.actions.run_playbook._handle_message' Unhandled message from runner queue, discarded: {'event': 'verbose', 'uuid': '2f343f79-412e-4815-963f-cec7efdda8da', 'counter': 24, 'stdout': '                        [--ssh-common-args SSH_COMMON_ARGS]', 'start_line': 23, 'end_line': 24, 'runner_ident': '18ec0fa8-8f58-4cb6-afda-b3518c37d9c8', 'created': '2024-02-23T19:18:01.531954'}
2024-02-23T19:18:01.541778+00:00 CRITICAL 'ansible_navigator.actions.run_playbook._handle_message' Unhandled message from runner queue, discarded: {'event': 'verbose', 'uuid': 'c3fb676a-98dc-4f93-a232-9974ddd69d16', 'counter': 25, 'stdout': '                        [--sftp-extra-args SFTP_EXTRA_ARGS]', 'start_line': 24, 'end_line': 25, 'runner_ident': '18ec0fa8-8f58-4cb6-afda-b3518c37d9c8', 'created': '2024-02-23T19:18:01.532073'}
2024-02-23T19:18:01.541836+00:00 CRITICAL 'ansible_navigator.actions.run_playbook._handle_message' Unhandled message from runner queue, discarded: {'event': 'verbose', 'uuid': '270563ba-f2f0-4296-be20-311dd3b5436d', 'counter': 26, 'stdout': '                        [--scp-extra-args SCP_EXTRA_ARGS]', 'start_line': 25, 'end_line': 26, 'runner_ident': '18ec0fa8-8f58-4cb6-afda-b3518c37d9c8', 'created': '2024-02-23T19:18:01.532198'}
2024-02-23T19:18:01.541894+00:00 CRITICAL 'ansible_navigator.actions.run_playbook._handle_message' Unhandled message from runner queue, discarded: {'event': 'verbose', 'uuid': '1204193e-e091-41ef-9e4e-e4ec7487485a', 'counter': 27, 'stdout': '                        [--ssh-extra-args SSH_EXTRA_ARGS]', 'start_line': 26, 'end_line': 27, 'runner_ident': '18ec0fa8-8f58-4cb6-afda-b3518c37d9c8', 'created': '2024-02-23T19:18:01.532318'}
2024-02-23T19:18:01.541952+00:00 CRITICAL 'ansible_navigator.actions.run_playbook._handle_message' Unhandled message from runner queue, discarded: {'event': 'verbose', 'uuid': 'aa2d07c9-9434-41b9-ad9c-ddedcd550efe', 'counter': 28, 'stdout': '                        [-k | --connection-password-file CONNECTION_PASSWORD_FILE]', 'start_line': 27, 'end_line': 28, 'runner_ident': '18ec0fa8-8f58-4cb6-afda-b3518c37d9c8', 'created': '2024-02-23T19:18:01.532435'}
2024-02-23T19:18:01.542009+00:00 CRITICAL 'ansible_navigator.actions.run_playbook._handle_message' Unhandled message from runner queue, discarded: {'event': 'verbose', 'uuid': '7f405d86-518e-45ac-bc01-1a2b17ee06c4', 'counter': 29, 'stdout': '                        [--force-handlers] [--flush-cache] [-b]', 'start_line': 28, 'end_line': 29, 'runner_ident': '18ec0fa8-8f58-4cb6-afda-b3518c37d9c8', 'created': '2024-02-23T19:18:01.532592'}
2024-02-23T19:18:01.542074+00:00 CRITICAL 'ansible_navigator.actions.run_playbook._handle_message' Unhandled message from runner queue, discarded: {'event': 'verbose', 'uuid': '3fae6c58-f8ef-413e-b782-105428366297', 'counter': 30, 'stdout': '                        [--become-method BECOME_METHOD]', 'start_line': 29, 'end_line': 30, 'runner_ident': '18ec0fa8-8f58-4cb6-afda-b3518c37d9c8', 'created': '2024-02-23T19:18:01.532712'}
2024-02-23T19:18:01.542137+00:00 CRITICAL 'ansible_navigator.actions.run_playbook._handle_message' Unhandled message from runner queue, discarded: {'event': 'verbose', 'uuid': '5a82d65f-71c2-4ca2-8494-56bfb800bd64', 'counter': 31, 'stdout': '                        [--become-user BECOME_USER]', 'start_line': 30, 'end_line': 31, 'runner_ident': '18ec0fa8-8f58-4cb6-afda-b3518c37d9c8', 'created': '2024-02-23T19:18:01.532862'}
2024-02-23T19:18:01.542195+00:00 CRITICAL 'ansible_navigator.actions.run_playbook._handle_message' Unhandled message from runner queue, discarded: {'event': 'verbose', 'uuid': 'bcb54cf8-f9e1-4e1f-abcb-392333b158ed', 'counter': 32, 'stdout': '                        [-K | --become-password-file BECOME_PASSWORD_FILE]', 'start_line': 31, 'end_line': 32, 'runner_ident': '18ec0fa8-8f58-4cb6-afda-b3518c37d9c8', 'created': '2024-02-23T19:18:01.533137'}
2024-02-23T19:18:01.542252+00:00 CRITICAL 'ansible_navigator.actions.run_playbook._handle_message' Unhandled message from runner queue, discarded: {'event': 'verbose', 'uuid': '98cc2ce5-f1ce-4768-b71c-5c9f11a6e770', 'counter': 33, 'stdout': '                        [-t TAGS] [--skip-tags SKIP_TAGS] [-C] [-D]', 'start_line': 32, 'end_line': 33, 'runner_ident': '18ec0fa8-8f58-4cb6-afda-b3518c37d9c8', 'created': '2024-02-23T19:18:01.533256'}
2024-02-23T19:18:01.542309+00:00 CRITICAL 'ansible_navigator.actions.run_playbook._handle_message' Unhandled message from runner queue, discarded: {'event': 'verbose', 'uuid': '3a08c9db-629b-4604-ada0-087d06392140', 'counter': 34, 'stdout': '                        [-i INVENTORY] [--list-hosts] [-l SUBSET]', 'start_line': 33, 'end_line': 34, 'runner_ident': '18ec0fa8-8f58-4cb6-afda-b3518c37d9c8', 'created': '2024-02-23T19:18:01.533383'}
2024-02-23T19:18:01.542367+00:00 CRITICAL 'ansible_navigator.actions.run_playbook._handle_message' Unhandled message from runner queue, discarded: {'event': 'verbose', 'uuid': '5d05b4e1-8ab6-49f9-8ff6-5084f8b3e29e', 'counter': 35, 'stdout': '                        [-e EXTRA_VARS] [--vault-id VAULT_IDS]', 'start_line': 34, 'end_line': 35, 'runner_ident': '18ec0fa8-8f58-4cb6-afda-b3518c37d9c8', 'created': '2024-02-23T19:18:01.533540'}
2024-02-23T19:18:01.542424+00:00 CRITICAL 'ansible_navigator.actions.run_playbook._handle_message' Unhandled message from runner queue, discarded: {'event': 'verbose', 'uuid': 'e1a2f525-df64-4067-b1ed-260991dd8ed5', 'counter': 36, 'stdout': '                        [-J | --vault-password-file VAULT_PASSWORD_FILES]', 'start_line': 35, 'end_line': 36, 'runner_ident': '18ec0fa8-8f58-4cb6-afda-b3518c37d9c8', 'created': '2024-02-23T19:18:01.533668'}
2024-02-23T19:18:01.542491+00:00 CRITICAL 'ansible_navigator.actions.run_playbook._handle_message' Unhandled message from runner queue, discarded: {'event': 'verbose', 'uuid': 'f1575799-64bd-4aca-ad0d-d4ef87072ba7', 'counter': 37, 'stdout': '                        [-f FORKS] [-M MODULE_PATH] [--syntax-check]', 'start_line': 36, 'end_line': 37, 'runner_ident': '18ec0fa8-8f58-4cb6-afda-b3518c37d9c8', 'created': '2024-02-23T19:18:01.533790'}
2024-02-23T19:18:01.542552+00:00 CRITICAL 'ansible_navigator.actions.run_playbook._handle_message' Unhandled message from runner queue, discarded: {'event': 'verbose', 'uuid': '4e495403-3244-4bfa-a549-693584d6eb82', 'counter': 38, 'stdout': '                        [--list-tasks] [--list-tags] [--step]', 'start_line': 37, 'end_line': 38, 'runner_ident': '18ec0fa8-8f58-4cb6-afda-b3518c37d9c8', 'created': '2024-02-23T19:18:01.533919'}
2024-02-23T19:18:01.542715+00:00 CRITICAL 'ansible_navigator.actions.run_playbook._handle_message' Unhandled message from runner queue, discarded: {'event': 'verbose', 'uuid': 'dfc81cf5-d8f8-4cd3-9f88-960c3181b378', 'counter': 39, 'stdout': '                        [--start-at-task START_AT_TASK]', 'start_line': 38, 'end_line': 39, 'runner_ident': '18ec0fa8-8f58-4cb6-afda-b3518c37d9c8', 'created': '2024-02-23T19:18:01.534045'}
2024-02-23T19:18:01.542856+00:00 CRITICAL 'ansible_navigator.actions.run_playbook._handle_message' Unhandled message from runner queue, discarded: {'event': 'verbose', 'uuid': 'd6fb01a5-3e3a-404e-a997-3839465af024', 'counter': 40, 'stdout': '                        playbook [playbook ...]', 'start_line': 39, 'end_line': 40, 'runner_ident': '18ec0fa8-8f58-4cb6-afda-b3518c37d9c8', 'created': '2024-02-23T19:18:01.534162'}
2024-02-23T19:18:01.542972+00:00 CRITICAL 'ansible_navigator.actions.run_playbook._handle_message' Unhandled message from runner queue, discarded: {'event': 'verbose', 'uuid': '831c349b-11c6-4822-b3df-45bce36a42f2', 'counter': 41, 'stdout': '', 'start_line': 40, 'end_line': 41, 'runner_ident': '18ec0fa8-8f58-4cb6-afda-b3518c37d9c8', 'created': '2024-02-23T19:18:01.534280'}
2024-02-23T19:18:01.543113+00:00 CRITICAL 'ansible_navigator.actions.run_playbook._handle_message' Unhandled message from runner queue, discarded: {'event': 'verbose', 'uuid': '5d39d62a-1659-4e2c-a36d-ed404ff3c096', 'counter': 42, 'stdout': 'Runs Ansible playbooks, executing the defined tasks on the targeted hosts.', 'start_line': 41, 'end_line': 42, 'runner_ident': '18ec0fa8-8f58-4cb6-afda-b3518c37d9c8', 'created': '2024-02-23T19:18:01.534396'}
2024-02-23T19:18:01.543164+00:00 CRITICAL 'ansible_navigator.actions.run_playbook._handle_message' Unhandled message from runner queue, discarded: {'event': 'verbose', 'uuid': '11e0e661-4138-41cd-944c-102f76be909f', 'counter': 43, 'stdout': '', 'start_line': 42, 'end_line': 43, 'runner_ident': '18ec0fa8-8f58-4cb6-afda-b3518c37d9c8', 'created': '2024-02-23T19:18:01.534552'}
2024-02-23T19:18:01.543223+00:00 CRITICAL 'ansible_navigator.actions.run_playbook._handle_message' Unhandled message from runner queue, discarded: {'event': 'verbose', 'uuid': '31dd0810-87e8-4400-b57e-1ba48d16396d', 'counter': 44, 'stdout': 'positional arguments:', 'start_line': 43, 'end_line': 44, 'runner_ident': '18ec0fa8-8f58-4cb6-afda-b3518c37d9c8', 'created': '2024-02-23T19:18:01.534677'}
2024-02-23T19:18:01.543281+00:00 CRITICAL 'ansible_navigator.actions.run_playbook._handle_message' Unhandled message from runner queue, discarded: {'event': 'verbose', 'uuid': 'e33d4936-d675-4c8c-b842-9ed29234f545', 'counter': 45, 'stdout': '  playbook              Playbook(s)', 'start_line': 44, 'end_line': 45, 'runner_ident': '18ec0fa8-8f58-4cb6-afda-b3518c37d9c8', 'created': '2024-02-23T19:18:01.534795'}
2024-02-23T19:18:01.543319+00:00 CRITICAL 'ansible_navigator.actions.run_playbook._handle_message' Unhandled message from runner queue, discarded: {'event': 'verbose', 'uuid': 'dcbe7d4d-ec3d-4b80-ad15-4d046e44f21f', 'counter': 46, 'stdout': '', 'start_line': 45, 'end_line': 46, 'runner_ident': '18ec0fa8-8f58-4cb6-afda-b3518c37d9c8', 'created': '2024-02-23T19:18:01.535415'}
2024-02-23T19:18:01.543375+00:00 CRITICAL 'ansible_navigator.actions.run_playbook._handle_message' Unhandled message from runner queue, discarded: {'event': 'verbose', 'uuid': '77018e66-baa6-4fa8-8ba3-d6948488131e', 'counter': 47, 'stdout': 'options:', 'start_line': 46, 'end_line': 47, 'runner_ident': '18ec0fa8-8f58-4cb6-afda-b3518c37d9c8', 'created': '2024-02-23T19:18:01.535589'}
2024-02-23T19:18:01.543432+00:00 CRITICAL 'ansible_navigator.actions.run_playbook._handle_message' Unhandled message from runner queue, discarded: {'event': 'verbose', 'uuid': 'c8d47a88-cb6c-4c9f-ade7-4f0ea00c5b23', 'counter': 48, 'stdout': '  --become-password-file BECOME_PASSWORD_FILE, --become-pass-file BECOME_PASSWORD_FILE', 'start_line': 47, 'end_line': 48, 'runner_ident': '18ec0fa8-8f58-4cb6-afda-b3518c37d9c8', 'created': '2024-02-23T19:18:01.535710'}
2024-02-23T19:18:01.543526+00:00 CRITICAL 'ansible_navigator.actions.run_playbook._handle_message' Unhandled message from runner queue, discarded: {'event': 'verbose', 'uuid': 'f8d9f6e5-b856-4df0-abae-48fd225740e7', 'counter': 49, 'stdout': '                        Become password file', 'start_line': 48, 'end_line': 49, 'runner_ident': '18ec0fa8-8f58-4cb6-afda-b3518c37d9c8', 'created': '2024-02-23T19:18:01.535844'}
2024-02-23T19:18:01.543589+00:00 CRITICAL 'ansible_navigator.actions.run_playbook._handle_message' Unhandled message from runner queue, discarded: {'event': 'verbose', 'uuid': 'f370d882-799e-48df-b49e-315dedf49edf', 'counter': 50, 'stdout': '  --connection-password-file CONNECTION_PASSWORD_FILE, --conn-pass-file CONNECTION_PASSWORD_FILE', 'start_line': 49, 'end_line': 50, 'runner_ident': '18ec0fa8-8f58-4cb6-afda-b3518c37d9c8', 'created': '2024-02-23T19:18:01.535965'}
2024-02-23T19:18:01.543652+00:00 CRITICAL 'ansible_navigator.actions.run_playbook._handle_message' Unhandled message from runner queue, discarded: {'event': 'verbose', 'uuid': '54151ad8-5bce-43ca-b20e-77e624d016d0', 'counter': 51, 'stdout': '                        Connection password file', 'start_line': 50, 'end_line': 51, 'runner_ident': '18ec0fa8-8f58-4cb6-afda-b3518c37d9c8', 'created': '2024-02-23T19:18:01.536083'}
2024-02-23T19:18:01.543711+00:00 CRITICAL 'ansible_navigator.actions.run_playbook._handle_message' Unhandled message from runner queue, discarded: {'event': 'verbose', 'uuid': '1c574dc3-b397-49f5-84cc-6d1570eda8c5', 'counter': 52, 'stdout': '  --flush-cache         clear the fact cache for every host in inventory', 'start_line': 51, 'end_line': 52, 'runner_ident': '18ec0fa8-8f58-4cb6-afda-b3518c37d9c8', 'created': '2024-02-23T19:18:01.536213'}
2024-02-23T19:18:01.543768+00:00 CRITICAL 'ansible_navigator.actions.run_playbook._handle_message' Unhandled message from runner queue, discarded: {'event': 'verbose', 'uuid': 'ac4223ec-5dfa-4ec1-a2f2-607d8f3a556e', 'counter': 53, 'stdout': '  --force-handlers      run handlers even if a task fails', 'start_line': 52, 'end_line': 53, 'runner_ident': '18ec0fa8-8f58-4cb6-afda-b3518c37d9c8', 'created': '2024-02-23T19:18:01.536282'}
2024-02-23T19:18:01.543826+00:00 CRITICAL 'ansible_navigator.actions.run_playbook._handle_message' Unhandled message from runner queue, discarded: {'event': 'verbose', 'uuid': '79f68256-3f71-46f2-bc01-7c504aff9fec', 'counter': 54, 'stdout': '  --list-hosts          outputs a list of matching hosts; does not execute', 'start_line': 53, 'end_line': 54, 'runner_ident': '18ec0fa8-8f58-4cb6-afda-b3518c37d9c8', 'created': '2024-02-23T19:18:01.536334'}
2024-02-23T19:18:01.543883+00:00 CRITICAL 'ansible_navigator.actions.run_playbook._handle_message' Unhandled message from runner queue, discarded: {'event': 'verbose', 'uuid': '8143b4d5-a6d1-4d0c-8549-fb821acd0135', 'counter': 55, 'stdout': '                        anything else', 'start_line': 54, 'end_line': 55, 'runner_ident': '18ec0fa8-8f58-4cb6-afda-b3518c37d9c8', 'created': '2024-02-23T19:18:01.536386'}
2024-02-23T19:18:01.543940+00:00 CRITICAL 'ansible_navigator.actions.run_playbook._handle_message' Unhandled message from runner queue, discarded: {'event': 'verbose', 'uuid': 'fdb01985-5cc9-4a45-8448-5dcc1bbfe476', 'counter': 56, 'stdout': '  --list-tags           list all available tags', 'start_line': 55, 'end_line': 56, 'runner_ident': '18ec0fa8-8f58-4cb6-afda-b3518c37d9c8', 'created': '2024-02-23T19:18:01.536438'}
2024-02-23T19:18:01.543998+00:00 CRITICAL 'ansible_navigator.actions.run_playbook._handle_message' Unhandled message from runner queue, discarded: {'event': 'verbose', 'uuid': 'f99d6684-f6f4-4bdc-b203-04b2e4eb2a88', 'counter': 57, 'stdout': '  --list-tasks          list all tasks that would be executed', 'start_line': 56, 'end_line': 57, 'runner_ident': '18ec0fa8-8f58-4cb6-afda-b3518c37d9c8', 'created': '2024-02-23T19:18:01.536766'}
2024-02-23T19:18:01.544054+00:00 CRITICAL 'ansible_navigator.actions.run_playbook._handle_message' Unhandled message from runner queue, discarded: {'event': 'verbose', 'uuid': 'e22517b9-add3-45a5-8479-f1e629498415', 'counter': 58, 'stdout': '  --skip-tags SKIP_TAGS', 'start_line': 57, 'end_line': 58, 'runner_ident': '18ec0fa8-8f58-4cb6-afda-b3518c37d9c8', 'created': '2024-02-23T19:18:01.536829'}
2024-02-23T19:18:01.544116+00:00 CRITICAL 'ansible_navigator.actions.run_playbook._handle_message' Unhandled message from runner queue, discarded: {'event': 'verbose', 'uuid': 'df6be2ef-de03-43dd-9eb5-de6eb19a8685', 'counter': 59, 'stdout': '                        only run plays and tasks whose tags do not match these', 'start_line': 58, 'end_line': 59, 'runner_ident': '18ec0fa8-8f58-4cb6-afda-b3518c37d9c8', 'created': '2024-02-23T19:18:01.536882'}
2024-02-23T19:18:01.544174+00:00 CRITICAL 'ansible_navigator.actions.run_playbook._handle_message' Unhandled message from runner queue, discarded: {'event': 'verbose', 'uuid': '6f665abf-ba7a-4566-bd7e-91ff23008abe', 'counter': 60, 'stdout': '                        values. This argument may be specified multiple times.', 'start_line': 59, 'end_line': 60, 'runner_ident': '18ec0fa8-8f58-4cb6-afda-b3518c37d9c8', 'created': '2024-02-23T19:18:01.536935'}
2024-02-23T19:18:01.544231+00:00 CRITICAL 'ansible_navigator.actions.run_playbook._handle_message' Unhandled message from runner queue, discarded: {'event': 'verbose', 'uuid': '6a80b106-7d1e-42a2-87f6-cfe5f6a1e639', 'counter': 61, 'stdout': '  --start-at-task START_AT_TASK', 'start_line': 60, 'end_line': 61, 'runner_ident': '18ec0fa8-8f58-4cb6-afda-b3518c37d9c8', 'created': '2024-02-23T19:18:01.536987'}
2024-02-23T19:18:01.544288+00:00 CRITICAL 'ansible_navigator.actions.run_playbook._handle_message' Unhandled message from runner queue, discarded: {'event': 'verbose', 'uuid': '1c426713-b10f-4f90-a0f5-b0c972b1c410', 'counter': 62, 'stdout': '                        start the playbook at the task matching this name', 'start_line': 61, 'end_line': 62, 'runner_ident': '18ec0fa8-8f58-4cb6-afda-b3518c37d9c8', 'created': '2024-02-23T19:18:01.537040'}
2024-02-23T19:18:01.544345+00:00 CRITICAL 'ansible_navigator.actions.run_playbook._handle_message' Unhandled message from runner queue, discarded: {'event': 'verbose', 'uuid': '78ef7f9d-ea01-4677-9c4e-07de63351400', 'counter': 63, 'stdout': '  --step                one-step-at-a-time: confirm each task before running', 'start_line': 62, 'end_line': 63, 'runner_ident': '18ec0fa8-8f58-4cb6-afda-b3518c37d9c8', 'created': '2024-02-23T19:18:01.537092'}
2024-02-23T19:18:01.544402+00:00 CRITICAL 'ansible_navigator.actions.run_playbook._handle_message' Unhandled message from runner queue, discarded: {'event': 'verbose', 'uuid': 'affb5600-a885-40ca-8859-a9b62213c466', 'counter': 64, 'stdout': '  --syntax-check        perform a syntax check on the playbook, but do not', 'start_line': 63, 'end_line': 64, 'runner_ident': '18ec0fa8-8f58-4cb6-afda-b3518c37d9c8', 'created': '2024-02-23T19:18:01.537144'}
2024-02-23T19:18:01.544480+00:00 CRITICAL 'ansible_navigator.actions.run_playbook._handle_message' Unhandled message from runner queue, discarded: {'event': 'verbose', 'uuid': '3b3f7882-341f-4462-95ae-e72c2071fe19', 'counter': 65, 'stdout': '                        execute it', 'start_line': 64, 'end_line': 65, 'runner_ident': '18ec0fa8-8f58-4cb6-afda-b3518c37d9c8', 'created': '2024-02-23T19:18:01.537199'}
2024-02-23T19:18:01.544549+00:00 CRITICAL 'ansible_navigator.actions.run_playbook._handle_message' Unhandled message from runner queue, discarded: {'event': 'verbose', 'uuid': 'cf9c37a6-796c-4d5d-b76c-8462fe83261a', 'counter': 66, 'stdout': '  --vault-id VAULT_IDS  the vault identity to use. This argument may be', 'start_line': 65, 'end_line': 66, 'runner_ident': '18ec0fa8-8f58-4cb6-afda-b3518c37d9c8', 'created': '2024-02-23T19:18:01.537252'}
2024-02-23T19:18:01.544607+00:00 CRITICAL 'ansible_navigator.actions.run_playbook._handle_message' Unhandled message from runner queue, discarded: {'event': 'verbose', 'uuid': '8d6a5f07-d5ff-44af-89bd-ab61fd15d1eb', 'counter': 67, 'stdout': '                        specified multiple times.', 'start_line': 66, 'end_line': 67, 'runner_ident': '18ec0fa8-8f58-4cb6-afda-b3518c37d9c8', 'created': '2024-02-23T19:18:01.537304'}
2024-02-23T19:18:01.544670+00:00 CRITICAL 'ansible_navigator.actions.run_playbook._handle_message' Unhandled message from runner queue, discarded: {'event': 'verbose', 'uuid': 'a2d98c65-695e-4acf-a695-456854542c93', 'counter': 68, 'stdout': '  --vault-password-file VAULT_PASSWORD_FILES, --vault-pass-file VAULT_PASSWORD_FILES', 'start_line': 67, 'end_line': 68, 'runner_ident': '18ec0fa8-8f58-4cb6-afda-b3518c37d9c8', 'created': '2024-02-23T19:18:01.537359'}
2024-02-23T19:18:01.549248+00:00 CRITICAL 'ansible_navigator.actions.run_playbook._handle_message' Unhandled message from runner queue, discarded: {'event': 'verbose', 'uuid': 'b6fd9b2c-1a00-4654-ad23-c0926da3bb58', 'counter': 69, 'stdout': '                        vault password file', 'start_line': 68, 'end_line': 69, 'runner_ident': '18ec0fa8-8f58-4cb6-afda-b3518c37d9c8', 'created': '2024-02-23T19:18:01.537411'}
2024-02-23T19:18:01.549325+00:00 CRITICAL 'ansible_navigator.actions.run_playbook._handle_message' Unhandled message from runner queue, discarded: {'event': 'verbose', 'uuid': '2b11a05c-85ae-47b2-815a-79fd97dd3ece', 'counter': 70, 'stdout': "  --version             show program's version number, config file location,", 'start_line': 69, 'end_line': 70, 'runner_ident': '18ec0fa8-8f58-4cb6-afda-b3518c37d9c8', 'created': '2024-02-23T19:18:01.537476'}
2024-02-23T19:18:01.549393+00:00 CRITICAL 'ansible_navigator.actions.run_playbook._handle_message' Unhandled message from runner queue, discarded: {'event': 'verbose', 'uuid': 'bc481047-c873-4759-8201-ae6171a442f5', 'counter': 71, 'stdout': '                        configured module search path, module location,', 'start_line': 70, 'end_line': 71, 'runner_ident': '18ec0fa8-8f58-4cb6-afda-b3518c37d9c8', 'created': '2024-02-23T19:18:01.537542'}
2024-02-23T19:18:01.549455+00:00 CRITICAL 'ansible_navigator.actions.run_playbook._handle_message' Unhandled message from runner queue, discarded: {'event': 'verbose', 'uuid': 'f7482b83-bcd1-4537-b4b4-86e7eb2c32dd', 'counter': 72, 'stdout': '                        executable location and exit', 'start_line': 71, 'end_line': 72, 'runner_ident': '18ec0fa8-8f58-4cb6-afda-b3518c37d9c8', 'created': '2024-02-23T19:18:01.537595'}
2024-02-23T19:18:01.549529+00:00 CRITICAL 'ansible_navigator.actions.run_playbook._handle_message' Unhandled message from runner queue, discarded: {'event': 'verbose', 'uuid': 'bd8eebd5-a143-4318-8083-440445454432', 'counter': 73, 'stdout': "  -C, --check           don't make any changes; instead, try to predict some", 'start_line': 72, 'end_line': 73, 'runner_ident': '18ec0fa8-8f58-4cb6-afda-b3518c37d9c8', 'created': '2024-02-23T19:18:01.537648'}
2024-02-23T19:18:01.549588+00:00 CRITICAL 'ansible_navigator.actions.run_playbook._handle_message' Unhandled message from runner queue, discarded: {'event': 'verbose', 'uuid': 'fb10b5cf-82c4-4fcd-a4b2-f2ce1e95920b', 'counter': 74, 'stdout': '                        of the changes that may occur', 'start_line': 73, 'end_line': 74, 'runner_ident': '18ec0fa8-8f58-4cb6-afda-b3518c37d9c8', 'created': '2024-02-23T19:18:01.537700'}
2024-02-23T19:18:01.549646+00:00 CRITICAL 'ansible_navigator.actions.run_playbook._handle_message' Unhandled message from runner queue, discarded: {'event': 'verbose', 'uuid': '5cf3c1da-447f-4207-b8f0-e0cf139d6e82', 'counter': 75, 'stdout': '  -D, --diff            when changing (small) files and templates, show the', 'start_line': 74, 'end_line': 75, 'runner_ident': '18ec0fa8-8f58-4cb6-afda-b3518c37d9c8', 'created': '2024-02-23T19:18:01.537752'}
2024-02-23T19:18:01.549705+00:00 CRITICAL 'ansible_navigator.actions.run_playbook._handle_message' Unhandled message from runner queue, discarded: {'event': 'verbose', 'uuid': '320eeab0-c7c2-41be-9466-07203c8521ee', 'counter': 76, 'stdout': '                        differences in those files; works great with --check', 'start_line': 75, 'end_line': 76, 'runner_ident': '18ec0fa8-8f58-4cb6-afda-b3518c37d9c8', 'created': '2024-02-23T19:18:01.537803'}
2024-02-23T19:18:01.549771+00:00 CRITICAL 'ansible_navigator.actions.run_playbook._handle_message' Unhandled message from runner queue, discarded: {'event': 'verbose', 'uuid': '38098089-7416-41e6-bd43-7540353adfe2', 'counter': 77, 'stdout': '  -J, --ask-vault-password, --ask-vault-pass', 'start_line': 76, 'end_line': 77, 'runner_ident': '18ec0fa8-8f58-4cb6-afda-b3518c37d9c8', 'created': '2024-02-23T19:18:01.537857'}
2024-02-23T19:18:01.549830+00:00 CRITICAL 'ansible_navigator.actions.run_playbook._handle_message' Unhandled message from runner queue, discarded: {'event': 'verbose', 'uuid': '80d662bf-6a98-4d27-bf15-eb272694c8b8', 'counter': 78, 'stdout': '                        ask for vault password', 'start_line': 77, 'end_line': 78, 'runner_ident': '18ec0fa8-8f58-4cb6-afda-b3518c37d9c8', 'created': '2024-02-23T19:18:01.537924'}
2024-02-23T19:18:01.549887+00:00 CRITICAL 'ansible_navigator.actions.run_playbook._handle_message' Unhandled message from runner queue, discarded: {'event': 'verbose', 'uuid': '507f8cc2-b118-47c1-a985-e4b9b5954d32', 'counter': 79, 'stdout': '  -K, --ask-become-pass', 'start_line': 78, 'end_line': 79, 'runner_ident': '18ec0fa8-8f58-4cb6-afda-b3518c37d9c8', 'created': '2024-02-23T19:18:01.537982'}
2024-02-23T19:18:01.549946+00:00 CRITICAL 'ansible_navigator.actions.run_playbook._handle_message' Unhandled message from runner queue, discarded: {'event': 'verbose', 'uuid': 'cafdcfac-70d0-4455-8bdd-e36d709b0541', 'counter': 80, 'stdout': '                        ask for privilege escalation password', 'start_line': 79, 'end_line': 80, 'runner_ident': '18ec0fa8-8f58-4cb6-afda-b3518c37d9c8', 'created': '2024-02-23T19:18:01.538151'}
2024-02-23T19:18:01.550003+00:00 CRITICAL 'ansible_navigator.actions.run_playbook._handle_message' Unhandled message from runner queue, discarded: {'event': 'verbose', 'uuid': '8df530f4-6660-4582-8bed-269a0488fba9', 'counter': 81, 'stdout': '  -M MODULE_PATH, --module-path MODULE_PATH', 'start_line': 80, 'end_line': 81, 'runner_ident': '18ec0fa8-8f58-4cb6-afda-b3518c37d9c8', 'created': '2024-02-23T19:18:01.538528'}
2024-02-23T19:18:01.550060+00:00 CRITICAL 'ansible_navigator.actions.run_playbook._handle_message' Unhandled message from runner queue, discarded: {'event': 'verbose', 'uuid': '76371230-d2e8-4455-af6c-a8d4a6d4ac74', 'counter': 82, 'stdout': '                        prepend colon-separated path(s) to module library', 'start_line': 81, 'end_line': 82, 'runner_ident': '18ec0fa8-8f58-4cb6-afda-b3518c37d9c8', 'created': '2024-02-23T19:18:01.538652'}
2024-02-23T19:18:01.550117+00:00 CRITICAL 'ansible_navigator.actions.run_playbook._handle_message' Unhandled message from runner queue, discarded: {'event': 'verbose', 'uuid': '536ca308-d37b-4b46-8752-414410657037', 'counter': 83, 'stdout': '                        (default={{ ANSIBLE_HOME ~', 'start_line': 82, 'end_line': 83, 'runner_ident': '18ec0fa8-8f58-4cb6-afda-b3518c37d9c8', 'created': '2024-02-23T19:18:01.538721'}
2024-02-23T19:18:01.550174+00:00 CRITICAL 'ansible_navigator.actions.run_playbook._handle_message' Unhandled message from runner queue, discarded: {'event': 'verbose', 'uuid': '9cbdb5ce-f185-43cf-a0bc-63f6bcc819c3', 'counter': 84, 'stdout': '                        "/plugins/modules:/usr/share/ansible/plugins/modules"', 'start_line': 83, 'end_line': 84, 'runner_ident': '18ec0fa8-8f58-4cb6-afda-b3518c37d9c8', 'created': '2024-02-23T19:18:01.538780'}
2024-02-23T19:18:01.550231+00:00 CRITICAL 'ansible_navigator.actions.run_playbook._handle_message' Unhandled message from runner queue, discarded: {'event': 'verbose', 'uuid': '60b7da84-6cb8-4741-afe9-d9355b1471da', 'counter': 85, 'stdout': '                        }}). This argument may be specified multiple times.', 'start_line': 84, 'end_line': 85, 'runner_ident': '18ec0fa8-8f58-4cb6-afda-b3518c37d9c8', 'created': '2024-02-23T19:18:01.539002'}
2024-02-23T19:18:01.550288+00:00 CRITICAL 'ansible_navigator.actions.run_playbook._handle_message' Unhandled message from runner queue, discarded: {'event': 'verbose', 'uuid': '40bcb346-59b1-4915-b012-7ba23e866b81', 'counter': 86, 'stdout': '  -e EXTRA_VARS, --extra-vars EXTRA_VARS', 'start_line': 85, 'end_line': 86, 'runner_ident': '18ec0fa8-8f58-4cb6-afda-b3518c37d9c8', 'created': '2024-02-23T19:18:01.539170'}
2024-02-23T19:18:01.550349+00:00 CRITICAL 'ansible_navigator.actions.run_playbook._handle_message' Unhandled message from runner queue, discarded: {'event': 'verbose', 'uuid': '6a5d41d6-908d-4ee0-b449-70825ba56054', 'counter': 87, 'stdout': '                        set additional variables as key=value or YAML/JSON, if', 'start_line': 86, 'end_line': 87, 'runner_ident': '18ec0fa8-8f58-4cb6-afda-b3518c37d9c8', 'created': '2024-02-23T19:18:01.539390'}
2024-02-23T19:18:01.550407+00:00 CRITICAL 'ansible_navigator.actions.run_playbook._handle_message' Unhandled message from runner queue, discarded: {'event': 'verbose', 'uuid': '8994fad1-e689-4c3d-a404-11b7998e0e73', 'counter': 88, 'stdout': '                        filename prepend with @. This argument may be', 'start_line': 87, 'end_line': 88, 'runner_ident': '18ec0fa8-8f58-4cb6-afda-b3518c37d9c8', 'created': '2024-02-23T19:18:01.539573'}
2024-02-23T19:18:01.550472+00:00 CRITICAL 'ansible_navigator.actions.run_playbook._handle_message' Unhandled message from runner queue, discarded: {'event': 'verbose', 'uuid': '881a2951-c60c-479e-9510-c98eb23086b8', 'counter': 89, 'stdout': '                        specified multiple times.', 'start_line': 88, 'end_line': 89, 'runner_ident': '18ec0fa8-8f58-4cb6-afda-b3518c37d9c8', 'created': '2024-02-23T19:18:01.540122'}
2024-02-23T19:18:01.550534+00:00 CRITICAL 'ansible_navigator.actions.run_playbook._handle_message' Unhandled message from runner queue, discarded: {'event': 'verbose', 'uuid': '7a683cb5-a12e-48c5-b0c2-81bdbfa52da7', 'counter': 90, 'stdout': '  -f FORKS, --forks FORKS', 'start_line': 89, 'end_line': 90, 'runner_ident': '18ec0fa8-8f58-4cb6-afda-b3518c37d9c8', 'created': '2024-02-23T19:18:01.540319'}
2024-02-23T19:18:01.550592+00:00 CRITICAL 'ansible_navigator.actions.run_playbook._handle_message' Unhandled message from runner queue, discarded: {'event': 'verbose', 'uuid': 'cd59d257-11cb-499e-8dc8-a0191d8f924e', 'counter': 91, 'stdout': '                        specify number of parallel processes to use', 'start_line': 90, 'end_line': 91, 'runner_ident': '18ec0fa8-8f58-4cb6-afda-b3518c37d9c8', 'created': '2024-02-23T19:18:01.540410'}
2024-02-23T19:18:01.560765+00:00 CRITICAL 'ansible_navigator.actions.run_playbook._handle_message' Unhandled message from runner queue, discarded: {'event': 'verbose', 'uuid': 'c2a70291-1bbd-4378-a2c1-be161c5d9633', 'counter': 92, 'stdout': '                        (default=5)', 'start_line': 91, 'end_line': 92, 'runner_ident': '18ec0fa8-8f58-4cb6-afda-b3518c37d9c8', 'created': '2024-02-23T19:18:01.550647'}
2024-02-23T19:18:01.560877+00:00 CRITICAL 'ansible_navigator.actions.run_playbook._handle_message' Unhandled message from runner queue, discarded: {'event': 'verbose', 'uuid': 'e09a0da0-f156-494c-986d-c78046db58c0', 'counter': 93, 'stdout': '  -h, --help            show this help message and exit', 'start_line': 92, 'end_line': 93, 'runner_ident': '18ec0fa8-8f58-4cb6-afda-b3518c37d9c8', 'created': '2024-02-23T19:18:01.550746'}
2024-02-23T19:18:01.560948+00:00 CRITICAL 'ansible_navigator.actions.run_playbook._handle_message' Unhandled message from runner queue, discarded: {'event': 'verbose', 'uuid': '71cbe35b-5293-4c44-a62c-307f9580768d', 'counter': 94, 'stdout': '  -i INVENTORY, --inventory INVENTORY, --inventory-file INVENTORY', 'start_line': 93, 'end_line': 94, 'runner_ident': '18ec0fa8-8f58-4cb6-afda-b3518c37d9c8', 'created': '2024-02-23T19:18:01.550813'}
2024-02-23T19:18:01.561012+00:00 CRITICAL 'ansible_navigator.actions.run_playbook._handle_message' Unhandled message from runner queue, discarded: {'event': 'verbose', 'uuid': 'b88fa917-1b4c-4df8-8cbb-8e98a5e10f39', 'counter': 95, 'stdout': '                        specify inventory host path or comma separated host', 'start_line': 94, 'end_line': 95, 'runner_ident': '18ec0fa8-8f58-4cb6-afda-b3518c37d9c8', 'created': '2024-02-23T19:18:01.550873'}
2024-02-23T19:18:01.561080+00:00 CRITICAL 'ansible_navigator.actions.run_playbook._handle_message' Unhandled message from runner queue, discarded: {'event': 'verbose', 'uuid': 'db03cbf0-8890-497b-a173-6a6080e0943e', 'counter': 96, 'stdout': '                        list. --inventory-file is deprecated. This argument', 'start_line': 95, 'end_line': 96, 'runner_ident': '18ec0fa8-8f58-4cb6-afda-b3518c37d9c8', 'created': '2024-02-23T19:18:01.550928'}
2024-02-23T19:18:01.561141+00:00 CRITICAL 'ansible_navigator.actions.run_playbook._handle_message' Unhandled message from runner queue, discarded: {'event': 'verbose', 'uuid': '1f6491ce-398a-45b1-8a24-227825f9e822', 'counter': 97, 'stdout': '                        may be specified multiple times.', 'start_line': 96, 'end_line': 97, 'runner_ident': '18ec0fa8-8f58-4cb6-afda-b3518c37d9c8', 'created': '2024-02-23T19:18:01.550983'}
2024-02-23T19:18:01.561200+00:00 CRITICAL 'ansible_navigator.actions.run_playbook._handle_message' Unhandled message from runner queue, discarded: {'event': 'verbose', 'uuid': '3f265d36-3a83-4f61-a7cb-13603c86a53a', 'counter': 98, 'stdout': '  -k, --ask-pass        ask for connection password', 'start_line': 97, 'end_line': 98, 'runner_ident': '18ec0fa8-8f58-4cb6-afda-b3518c37d9c8', 'created': '2024-02-23T19:18:01.551036'}
2024-02-23T19:18:01.561257+00:00 CRITICAL 'ansible_navigator.actions.run_playbook._handle_message' Unhandled message from runner queue, discarded: {'event': 'verbose', 'uuid': 'c154d604-cbaa-4bd0-a23b-fd42d898e9ae', 'counter': 99, 'stdout': '  -l SUBSET, --limit SUBSET', 'start_line': 98, 'end_line': 99, 'runner_ident': '18ec0fa8-8f58-4cb6-afda-b3518c37d9c8', 'created': '2024-02-23T19:18:01.551088'}
2024-02-23T19:18:01.561315+00:00 CRITICAL 'ansible_navigator.actions.run_playbook._handle_message' Unhandled message from runner queue, discarded: {'event': 'verbose', 'uuid': '5566afd1-cd07-4b76-9aa0-2e07ebc499a2', 'counter': 100, 'stdout': '                        further limit selected hosts to an additional pattern', 'start_line': 99, 'end_line': 100, 'runner_ident': '18ec0fa8-8f58-4cb6-afda-b3518c37d9c8', 'created': '2024-02-23T19:18:01.551140'}
2024-02-23T19:18:01.561373+00:00 CRITICAL 'ansible_navigator.actions.run_playbook._handle_message' Unhandled message from runner queue, discarded: {'event': 'verbose', 'uuid': 'b123919c-fc8a-4140-a938-7594ebcce004', 'counter': 101, 'stdout': '  -t TAGS, --tags TAGS  only run plays and tasks tagged with these values.', 'start_line': 100, 'end_line': 101, 'runner_ident': '18ec0fa8-8f58-4cb6-afda-b3518c37d9c8', 'created': '2024-02-23T19:18:01.551193'}
2024-02-23T19:18:01.561430+00:00 CRITICAL 'ansible_navigator.actions.run_playbook._handle_message' Unhandled message from runner queue, discarded: {'event': 'verbose', 'uuid': '22ebbb95-fe01-4a61-b956-3784932cbf13', 'counter': 102, 'stdout': '                        This argument may be specified multiple times.', 'start_line': 101, 'end_line': 102, 'runner_ident': '18ec0fa8-8f58-4cb6-afda-b3518c37d9c8', 'created': '2024-02-23T19:18:01.551245'}
2024-02-23T19:18:01.561498+00:00 CRITICAL 'ansible_navigator.actions.run_playbook._handle_message' Unhandled message from runner queue, discarded: {'event': 'verbose', 'uuid': '3293c5f0-1ddb-4873-8b99-7e0140fdf15d', 'counter': 103, 'stdout': '  -v, --verbose         Causes Ansible to print more debug messages. Adding', 'start_line': 102, 'end_line': 103, 'runner_ident': '18ec0fa8-8f58-4cb6-afda-b3518c37d9c8', 'created': '2024-02-23T19:18:01.551297'}
2024-02-23T19:18:01.561560+00:00 CRITICAL 'ansible_navigator.actions.run_playbook._handle_message' Unhandled message from runner queue, discarded: {'event': 'verbose', 'uuid': 'e09fcdff-4f08-4397-aee4-6578e4bc14e2', 'counter': 104, 'stdout': '                        multiple -v will increase the verbosity, the builtin', 'start_line': 103, 'end_line': 104, 'runner_ident': '18ec0fa8-8f58-4cb6-afda-b3518c37d9c8', 'created': '2024-02-23T19:18:01.551361'}
2024-02-23T19:18:01.561621+00:00 CRITICAL 'ansible_navigator.actions.run_playbook._handle_message' Unhandled message from runner queue, discarded: {'event': 'verbose', 'uuid': '174a5673-7b4d-4cd5-acce-69299846cf84', 'counter': 105, 'stdout': '                        plugins currently evaluate up to -vvvvvv. A reasonable', 'start_line': 104, 'end_line': 105, 'runner_ident': '18ec0fa8-8f58-4cb6-afda-b3518c37d9c8', 'created': '2024-02-23T19:18:01.551415'}
2024-02-23T19:18:01.561680+00:00 CRITICAL 'ansible_navigator.actions.run_playbook._handle_message' Unhandled message from runner queue, discarded: {'event': 'verbose', 'uuid': 'fdac5b18-7f6e-4291-83e9-c15619f78cba', 'counter': 106, 'stdout': '                        level to start is -vvv, connection debugging might', 'start_line': 105, 'end_line': 106, 'runner_ident': '18ec0fa8-8f58-4cb6-afda-b3518c37d9c8', 'created': '2024-02-23T19:18:01.551479'}
2024-02-23T19:18:01.561738+00:00 CRITICAL 'ansible_navigator.actions.run_playbook._handle_message' Unhandled message from runner queue, discarded: {'event': 'verbose', 'uuid': 'c994521f-e8bd-4e94-81a8-cb6e0da56c49', 'counter': 107, 'stdout': '                        require -vvvv. This argument may be specified multiple', 'start_line': 106, 'end_line': 107, 'runner_ident': '18ec0fa8-8f58-4cb6-afda-b3518c37d9c8', 'created': '2024-02-23T19:18:01.551537'}
2024-02-23T19:18:01.561795+00:00 CRITICAL 'ansible_navigator.actions.run_playbook._handle_message' Unhandled message from runner queue, discarded: {'event': 'verbose', 'uuid': 'f0215d24-c37d-4d95-9bef-2566d2d58ad5', 'counter': 108, 'stdout': '                        times.', 'start_line': 107, 'end_line': 108, 'runner_ident': '18ec0fa8-8f58-4cb6-afda-b3518c37d9c8', 'created': '2024-02-23T19:18:01.551589'}
2024-02-23T19:18:01.561835+00:00 CRITICAL 'ansible_navigator.actions.run_playbook._handle_message' Unhandled message from runner queue, discarded: {'event': 'verbose', 'uuid': '9c26ba2f-b835-4a5c-9da5-795274a9091f', 'counter': 109, 'stdout': '', 'start_line': 108, 'end_line': 109, 'runner_ident': '18ec0fa8-8f58-4cb6-afda-b3518c37d9c8', 'created': '2024-02-23T19:18:01.551641'}
2024-02-23T19:18:01.561891+00:00 CRITICAL 'ansible_navigator.actions.run_playbook._handle_message' Unhandled message from runner queue, discarded: {'event': 'verbose', 'uuid': '8bdd31b8-f0b9-4af8-b16d-37ce07ca4494', 'counter': 110, 'stdout': 'Connection Options:', 'start_line': 109, 'end_line': 110, 'runner_ident': '18ec0fa8-8f58-4cb6-afda-b3518c37d9c8', 'created': '2024-02-23T19:18:01.551693'}
2024-02-23T19:18:01.561948+00:00 CRITICAL 'ansible_navigator.actions.run_playbook._handle_message' Unhandled message from runner queue, discarded: {'event': 'verbose', 'uuid': '82855ca8-dd96-474c-ae2e-f1cf4c102c5b', 'counter': 111, 'stdout': '  control as whom and how to connect to hosts', 'start_line': 110, 'end_line': 111, 'runner_ident': '18ec0fa8-8f58-4cb6-afda-b3518c37d9c8', 'created': '2024-02-23T19:18:01.551744'}
2024-02-23T19:18:01.561987+00:00 CRITICAL 'ansible_navigator.actions.run_playbook._handle_message' Unhandled message from runner queue, discarded: {'event': 'verbose', 'uuid': 'd060c384-5d94-4b5a-9aa4-844340868bc0', 'counter': 112, 'stdout': '', 'start_line': 111, 'end_line': 112, 'runner_ident': '18ec0fa8-8f58-4cb6-afda-b3518c37d9c8', 'created': '2024-02-23T19:18:01.551797'}
2024-02-23T19:18:01.562042+00:00 CRITICAL 'ansible_navigator.actions.run_playbook._handle_message' Unhandled message from runner queue, discarded: {'event': 'verbose', 'uuid': '72951908-49b5-4240-b4a8-67b60c8b6e8e', 'counter': 113, 'stdout': '  --private-key PRIVATE_KEY_FILE, --key-file PRIVATE_KEY_FILE', 'start_line': 112, 'end_line': 113, 'runner_ident': '18ec0fa8-8f58-4cb6-afda-b3518c37d9c8', 'created': '2024-02-23T19:18:01.551848'}
2024-02-23T19:18:01.562100+00:00 CRITICAL 'ansible_navigator.actions.run_playbook._handle_message' Unhandled message from runner queue, discarded: {'event': 'verbose', 'uuid': 'ece86e88-30e1-4876-952b-0523faa1ef28', 'counter': 114, 'stdout': '                        use this file to authenticate the connection', 'start_line': 113, 'end_line': 114, 'runner_ident': '18ec0fa8-8f58-4cb6-afda-b3518c37d9c8', 'created': '2024-02-23T19:18:01.551900'}
2024-02-23T19:18:01.562160+00:00 CRITICAL 'ansible_navigator.actions.run_playbook._handle_message' Unhandled message from runner queue, discarded: {'event': 'verbose', 'uuid': 'dce75347-7ae9-42a6-8dd1-7ee65a9e98b0', 'counter': 115, 'stdout': '  --scp-extra-args SCP_EXTRA_ARGS', 'start_line': 114, 'end_line': 115, 'runner_ident': '18ec0fa8-8f58-4cb6-afda-b3518c37d9c8', 'created': '2024-02-23T19:18:01.551952'}
2024-02-23T19:18:01.562218+00:00 CRITICAL 'ansible_navigator.actions.run_playbook._handle_message' Unhandled message from runner queue, discarded: {'event': 'verbose', 'uuid': 'b36ec91b-f40d-40ca-81b9-43adf6c5ab37', 'counter': 116, 'stdout': '                        specify extra arguments to pass to scp only (e.g. -l)', 'start_line': 115, 'end_line': 116, 'runner_ident': '18ec0fa8-8f58-4cb6-afda-b3518c37d9c8', 'created': '2024-02-23T19:18:01.552003'}
2024-02-23T19:18:01.562274+00:00 CRITICAL 'ansible_navigator.actions.run_playbook._handle_message' Unhandled message from runner queue, discarded: {'event': 'verbose', 'uuid': 'ec652ad4-1c62-486f-8c82-3f22d138d3ee', 'counter': 117, 'stdout': '  --sftp-extra-args SFTP_EXTRA_ARGS', 'start_line': 116, 'end_line': 117, 'runner_ident': '18ec0fa8-8f58-4cb6-afda-b3518c37d9c8', 'created': '2024-02-23T19:18:01.552055'}
2024-02-23T19:18:01.562331+00:00 CRITICAL 'ansible_navigator.actions.run_playbook._handle_message' Unhandled message from runner queue, discarded: {'event': 'verbose', 'uuid': '6076319a-f248-439c-8e94-11da8a2ce2b8', 'counter': 118, 'stdout': '                        specify extra arguments to pass to sftp only (e.g. -f,', 'start_line': 117, 'end_line': 118, 'runner_ident': '18ec0fa8-8f58-4cb6-afda-b3518c37d9c8', 'created': '2024-02-23T19:18:01.552106'}
2024-02-23T19:18:01.562388+00:00 CRITICAL 'ansible_navigator.actions.run_playbook._handle_message' Unhandled message from runner queue, discarded: {'event': 'verbose', 'uuid': '368f692b-a863-4d9c-867d-b068d2ca8aa6', 'counter': 119, 'stdout': '                        -l)', 'start_line': 118, 'end_line': 119, 'runner_ident': '18ec0fa8-8f58-4cb6-afda-b3518c37d9c8', 'created': '2024-02-23T19:18:01.552158'}
2024-02-23T19:18:01.562444+00:00 CRITICAL 'ansible_navigator.actions.run_playbook._handle_message' Unhandled message from runner queue, discarded: {'event': 'verbose', 'uuid': 'c6a5e7c9-a77d-48f2-8172-2de17e6ec64a', 'counter': 120, 'stdout': '  --ssh-common-args SSH_COMMON_ARGS', 'start_line': 119, 'end_line': 120, 'runner_ident': '18ec0fa8-8f58-4cb6-afda-b3518c37d9c8', 'created': '2024-02-23T19:18:01.552209'}
2024-02-23T19:18:01.562510+00:00 CRITICAL 'ansible_navigator.actions.run_playbook._handle_message' Unhandled message from runner queue, discarded: {'event': 'verbose', 'uuid': '040e3d08-a713-448e-b9b0-b1ff9c174336', 'counter': 121, 'stdout': '                        specify common arguments to pass to sftp/scp/ssh (e.g.', 'start_line': 120, 'end_line': 121, 'runner_ident': '18ec0fa8-8f58-4cb6-afda-b3518c37d9c8', 'created': '2024-02-23T19:18:01.552261'}
2024-02-23T19:18:01.562571+00:00 CRITICAL 'ansible_navigator.actions.run_playbook._handle_message' Unhandled message from runner queue, discarded: {'event': 'verbose', 'uuid': '5cfce4f3-0dbb-4ddd-91ee-2489ede87291', 'counter': 122, 'stdout': '                        ProxyCommand)', 'start_line': 121, 'end_line': 122, 'runner_ident': '18ec0fa8-8f58-4cb6-afda-b3518c37d9c8', 'created': '2024-02-23T19:18:01.552313'}
2024-02-23T19:18:01.562628+00:00 CRITICAL 'ansible_navigator.actions.run_playbook._handle_message' Unhandled message from runner queue, discarded: {'event': 'verbose', 'uuid': '318aadae-f29c-49a6-aba7-8183a2df5cd6', 'counter': 123, 'stdout': '  --ssh-extra-args SSH_EXTRA_ARGS', 'start_line': 122, 'end_line': 123, 'runner_ident': '18ec0fa8-8f58-4cb6-afda-b3518c37d9c8', 'created': '2024-02-23T19:18:01.552365'}
2024-02-23T19:18:01.562685+00:00 CRITICAL 'ansible_navigator.actions.run_playbook._handle_message' Unhandled message from runner queue, discarded: {'event': 'verbose', 'uuid': '87baeef2-806a-4f4f-b3c8-fe50618417c0', 'counter': 124, 'stdout': '                        specify extra arguments to pass to ssh only (e.g. -R)', 'start_line': 123, 'end_line': 124, 'runner_ident': '18ec0fa8-8f58-4cb6-afda-b3518c37d9c8', 'created': '2024-02-23T19:18:01.552416'}
2024-02-23T19:18:01.562745+00:00 CRITICAL 'ansible_navigator.actions.run_playbook._handle_message' Unhandled message from runner queue, discarded: {'event': 'verbose', 'uuid': '542e691a-3cb2-4121-9b34-70ba5d71d77d', 'counter': 125, 'stdout': '  -T TIMEOUT, --timeout TIMEOUT', 'start_line': 124, 'end_line': 125, 'runner_ident': '18ec0fa8-8f58-4cb6-afda-b3518c37d9c8', 'created': '2024-02-23T19:18:01.552488'}
2024-02-23T19:18:01.562874+00:00 CRITICAL 'ansible_navigator.actions.run_playbook._handle_message' Unhandled message from runner queue, discarded: {'event': 'verbose', 'uuid': '3452c409-ded7-4ca7-85c2-65961dc0b88f', 'counter': 126, 'stdout': '                        override the connection timeout in seconds (default', 'start_line': 125, 'end_line': 126, 'runner_ident': '18ec0fa8-8f58-4cb6-afda-b3518c37d9c8', 'created': '2024-02-23T19:18:01.552776'}
2024-02-23T19:18:01.562936+00:00 CRITICAL 'ansible_navigator.actions.run_playbook._handle_message' Unhandled message from runner queue, discarded: {'event': 'verbose', 'uuid': 'b49dd3f9-f7e5-41d2-85e1-9950bd3691f8', 'counter': 127, 'stdout': '                        depends on connection)', 'start_line': 126, 'end_line': 127, 'runner_ident': '18ec0fa8-8f58-4cb6-afda-b3518c37d9c8', 'created': '2024-02-23T19:18:01.552837'}
2024-02-23T19:18:01.562993+00:00 CRITICAL 'ansible_navigator.actions.run_playbook._handle_message' Unhandled message from runner queue, discarded: {'event': 'verbose', 'uuid': '41832532-458f-4e61-abf3-092a410e3c35', 'counter': 128, 'stdout': '  -c CONNECTION, --connection CONNECTION', 'start_line': 127, 'end_line': 128, 'runner_ident': '18ec0fa8-8f58-4cb6-afda-b3518c37d9c8', 'created': '2024-02-23T19:18:01.552892'}
2024-02-23T19:18:01.563050+00:00 CRITICAL 'ansible_navigator.actions.run_playbook._handle_message' Unhandled message from runner queue, discarded: {'event': 'verbose', 'uuid': '519ecf07-f56f-4cb0-96f2-7abbe60794b3', 'counter': 129, 'stdout': '                        connection type to use (default=ssh)', 'start_line': 128, 'end_line': 129, 'runner_ident': '18ec0fa8-8f58-4cb6-afda-b3518c37d9c8', 'created': '2024-02-23T19:18:01.552944'}
2024-02-23T19:18:01.563106+00:00 CRITICAL 'ansible_navigator.actions.run_playbook._handle_message' Unhandled message from runner queue, discarded: {'event': 'verbose', 'uuid': 'a3d9301f-c491-4155-ab17-ecbc338474dc', 'counter': 130, 'stdout': '  -u REMOTE_USER, --user REMOTE_USER', 'start_line': 129, 'end_line': 130, 'runner_ident': '18ec0fa8-8f58-4cb6-afda-b3518c37d9c8', 'created': '2024-02-23T19:18:01.552997'}
2024-02-23T19:18:01.563163+00:00 CRITICAL 'ansible_navigator.actions.run_playbook._handle_message' Unhandled message from runner queue, discarded: {'event': 'verbose', 'uuid': 'c81426e7-ecfe-4244-a8e8-f29315764dc4', 'counter': 131, 'stdout': '                        connect as this user (default=None)', 'start_line': 130, 'end_line': 131, 'runner_ident': '18ec0fa8-8f58-4cb6-afda-b3518c37d9c8', 'created': '2024-02-23T19:18:01.553049'}
2024-02-23T19:18:01.563201+00:00 CRITICAL 'ansible_navigator.actions.run_playbook._handle_message' Unhandled message from runner queue, discarded: {'event': 'verbose', 'uuid': '6b6e850e-bf94-49dc-b99d-dc3fad1c401d', 'counter': 132, 'stdout': '', 'start_line': 131, 'end_line': 132, 'runner_ident': '18ec0fa8-8f58-4cb6-afda-b3518c37d9c8', 'created': '2024-02-23T19:18:01.553100'}
2024-02-23T19:18:01.563257+00:00 CRITICAL 'ansible_navigator.actions.run_playbook._handle_message' Unhandled message from runner queue, discarded: {'event': 'verbose', 'uuid': '47051141-3039-4e8b-b14a-296488f4091e', 'counter': 133, 'stdout': 'Privilege Escalation Options:', 'start_line': 132, 'end_line': 133, 'runner_ident': '18ec0fa8-8f58-4cb6-afda-b3518c37d9c8', 'created': '2024-02-23T19:18:01.553153'}
2024-02-23T19:18:01.563318+00:00 CRITICAL 'ansible_navigator.actions.run_playbook._handle_message' Unhandled message from runner queue, discarded: {'event': 'verbose', 'uuid': 'f2690714-dd36-4f35-8ee3-657f1fa6592f', 'counter': 134, 'stdout': '  control how and which user you become as on target hosts', 'start_line': 133, 'end_line': 134, 'runner_ident': '18ec0fa8-8f58-4cb6-afda-b3518c37d9c8', 'created': '2024-02-23T19:18:01.553205'}
2024-02-23T19:18:01.563357+00:00 CRITICAL 'ansible_navigator.actions.run_playbook._handle_message' Unhandled message from runner queue, discarded: {'event': 'verbose', 'uuid': 'a3fe05c4-aa16-4dcb-afce-380c42c5760f', 'counter': 135, 'stdout': '', 'start_line': 134, 'end_line': 135, 'runner_ident': '18ec0fa8-8f58-4cb6-afda-b3518c37d9c8', 'created': '2024-02-23T19:18:01.553256'}
2024-02-23T19:18:01.563413+00:00 CRITICAL 'ansible_navigator.actions.run_playbook._handle_message' Unhandled message from runner queue, discarded: {'event': 'verbose', 'uuid': '28f77185-96dc-4b09-82dc-43e1b7480f04', 'counter': 136, 'stdout': '  --become-method BECOME_METHOD', 'start_line': 135, 'end_line': 136, 'runner_ident': '18ec0fa8-8f58-4cb6-afda-b3518c37d9c8', 'created': '2024-02-23T19:18:01.553308'}
2024-02-23T19:18:01.563486+00:00 CRITICAL 'ansible_navigator.actions.run_playbook._handle_message' Unhandled message from runner queue, discarded: {'event': 'verbose', 'uuid': '247fb883-b4c8-4bd5-8436-6861097d6a02', 'counter': 137, 'stdout': '                        privilege escalation method to use (default=sudo), use', 'start_line': 136, 'end_line': 137, 'runner_ident': '18ec0fa8-8f58-4cb6-afda-b3518c37d9c8', 'created': '2024-02-23T19:18:01.553360'}
2024-02-23T19:18:01.563549+00:00 CRITICAL 'ansible_navigator.actions.run_playbook._handle_message' Unhandled message from runner queue, discarded: {'event': 'verbose', 'uuid': 'd0fbdac2-55ee-4900-b65c-1188089c6536', 'counter': 138, 'stdout': '                        `ansible-doc -t become -l` to list valid choices.', 'start_line': 137, 'end_line': 138, 'runner_ident': '18ec0fa8-8f58-4cb6-afda-b3518c37d9c8', 'created': '2024-02-23T19:18:01.553412'}
2024-02-23T19:18:01.563606+00:00 CRITICAL 'ansible_navigator.actions.run_playbook._handle_message' Unhandled message from runner queue, discarded: {'event': 'verbose', 'uuid': '2188d967-b7c5-4d26-8dbe-076dba0cff84', 'counter': 139, 'stdout': '  --become-user BECOME_USER', 'start_line': 138, 'end_line': 139, 'runner_ident': '18ec0fa8-8f58-4cb6-afda-b3518c37d9c8', 'created': '2024-02-23T19:18:01.553476'}
2024-02-23T19:18:01.563663+00:00 CRITICAL 'ansible_navigator.actions.run_playbook._handle_message' Unhandled message from runner queue, discarded: {'event': 'verbose', 'uuid': 'd4805eae-d042-4222-a60c-116677be02a0', 'counter': 140, 'stdout': '                        run operations as this user (default=root)', 'start_line': 139, 'end_line': 140, 'runner_ident': '18ec0fa8-8f58-4cb6-afda-b3518c37d9c8', 'created': '2024-02-23T19:18:01.553533'}
2024-02-23T19:18:01.563720+00:00 CRITICAL 'ansible_navigator.actions.run_playbook._handle_message' Unhandled message from runner queue, discarded: {'event': 'verbose', 'uuid': '7448f629-ff49-402d-8206-9a2f71a31cb5', 'counter': 141, 'stdout': '  -b, --become          run operations with become (does not imply password', 'start_line': 140, 'end_line': 141, 'runner_ident': '18ec0fa8-8f58-4cb6-afda-b3518c37d9c8', 'created': '2024-02-23T19:18:01.553585'}
2024-02-23T19:18:01.563782+00:00 CRITICAL 'ansible_navigator.actions.run_playbook._handle_message' Unhandled message from runner queue, discarded: {'event': 'verbose', 'uuid': 'd0979b6e-6e24-4572-89f5-6a0ead38dd99', 'counter': 142, 'stdout': '                        prompting)', 'start_line': 141, 'end_line': 142, 'runner_ident': '18ec0fa8-8f58-4cb6-afda-b3518c37d9c8', 'created': '2024-02-23T19:18:01.553636'}
